[0.732s] Invoking command in '/home/uli/Desktop/tec/personal/intel_sense/ros_env/src/intel_camera': PYTHONPATH=/home/uli/Desktop/tec/personal/intel_sense/ros_env/build/intel_camera/prefix_override:/usr/lib/python3/dist-packages/colcon_core/task/python/colcon_distutils_commands:/home/uli/Desktop/tec/personal/intel_sense/ros_env/install/intel_camera/lib/python3.10/site-packages:${PYTHONPATH} /usr/bin/python3 -W ignore:setup.py install is deprecated -W ignore:easy_install command is deprecated setup.py egg_info --egg-base ../../build/intel_camera build --build-base /home/uli/Desktop/tec/personal/intel_sense/ros_env/build/intel_camera/build install --record /home/uli/Desktop/tec/personal/intel_sense/ros_env/build/intel_camera/install.log --single-version-externally-managed install_data
[1.023s] running egg_info
[1.023s] writing ../../build/intel_camera/intel_camera.egg-info/PKG-INFO
[1.024s] writing dependency_links to ../../build/intel_camera/intel_camera.egg-info/dependency_links.txt
[1.024s] writing entry points to ../../build/intel_camera/intel_camera.egg-info/entry_points.txt
[1.024s] writing requirements to ../../build/intel_camera/intel_camera.egg-info/requires.txt
[1.024s] writing top-level names to ../../build/intel_camera/intel_camera.egg-info/top_level.txt
[1.027s] reading manifest file '../../build/intel_camera/intel_camera.egg-info/SOURCES.txt'
[1.028s] writing manifest file '../../build/intel_camera/intel_camera.egg-info/SOURCES.txt'
[1.028s] running build
[1.028s] running build_py
[1.028s] copying intel_camera/intel_pub.py -> /home/uli/Desktop/tec/personal/intel_sense/ros_env/build/intel_camera/build/lib/intel_camera
[1.029s] running install
[1.029s] running install_lib
[1.030s] copying /home/uli/Desktop/tec/personal/intel_sense/ros_env/build/intel_camera/build/lib/intel_camera/intel_pub.py -> /home/uli/Desktop/tec/personal/intel_sense/ros_env/install/intel_camera/lib/python3.10/site-packages/intel_camera
[1.030s] byte-compiling /home/uli/Desktop/tec/personal/intel_sense/ros_env/install/intel_camera/lib/python3.10/site-packages/intel_camera/intel_pub.py to intel_pub.cpython-310.pyc
[1.031s] Sorry: IndentationError: expected an indented block after function definition on line 75 (intel_pub.py, line 76)
[1.031s] running install_data
[1.031s] running install_egg_info
[1.033s] removing '/home/uli/Desktop/tec/personal/intel_sense/ros_env/install/intel_camera/lib/python3.10/site-packages/intel_camera-0.0.0-py3.10.egg-info' (and everything under it)
[1.033s] Copying ../../build/intel_camera/intel_camera.egg-info to /home/uli/Desktop/tec/personal/intel_sense/ros_env/install/intel_camera/lib/python3.10/site-packages/intel_camera-0.0.0-py3.10.egg-info
[1.034s] running install_scripts
[1.051s] Installing intel_pub script to /home/uli/Desktop/tec/personal/intel_sense/ros_env/install/intel_camera/lib/intel_camera
[1.051s] Installing intel_sub script to /home/uli/Desktop/tec/personal/intel_sense/ros_env/install/intel_camera/lib/intel_camera
[1.052s] writing list of installed files to '/home/uli/Desktop/tec/personal/intel_sense/ros_env/build/intel_camera/install.log'
[1.073s] Invoked command in '/home/uli/Desktop/tec/personal/intel_sense/ros_env/src/intel_camera' returned '0': PYTHONPATH=/home/uli/Desktop/tec/personal/intel_sense/ros_env/build/intel_camera/prefix_override:/usr/lib/python3/dist-packages/colcon_core/task/python/colcon_distutils_commands:/home/uli/Desktop/tec/personal/intel_sense/ros_env/install/intel_camera/lib/python3.10/site-packages:${PYTHONPATH} /usr/bin/python3 -W ignore:setup.py install is deprecated -W ignore:easy_install command is deprecated setup.py egg_info --egg-base ../../build/intel_camera build --build-base /home/uli/Desktop/tec/personal/intel_sense/ros_env/build/intel_camera/build install --record /home/uli/Desktop/tec/personal/intel_sense/ros_env/build/intel_camera/install.log --single-version-externally-managed install_data
