[0.010s] Invoking command in '/home/uli/Desktop/tec/personal/intel_sense/ros2wrapper/build/realsense2_camera_msgs': CMAKE_PREFIX_PATH=/opt/ros/humble /home/uli/.local/bin/cmake /home/uli/Desktop/tec/personal/intel_sense/ros2wrapper/src/realsense-ros/realsense2_camera_msgs -DCMAKE_INSTALL_PREFIX=/home/uli/Desktop/tec/personal/intel_sense/ros2wrapper/install/realsense2_camera_msgs
[0.235s] -- The C compiler identification is GNU 11.4.0
[0.393s] -- The CXX compiler identification is GNU 11.4.0
[0.409s] -- Detecting C compiler ABI info
[0.469s] -- Detecting C compiler ABI info - done
[0.486s] -- Check for working C compiler: /usr/bin/cc - skipped
[0.487s] -- Detecting C compile features
[0.488s] -- Detecting C compile features - done
[0.492s] -- Detecting CXX compiler ABI info
[0.559s] -- Detecting CXX compiler ABI info - done
[0.577s] -- Check for working CXX compiler: /usr/bin/c++ - skipped
[0.577s] -- Detecting CXX compile features
[0.578s] -- Detecting CXX compile features - done
[0.583s] -- Found ament_cmake: 1.3.11 (/opt/ros/humble/share/ament_cmake/cmake)
[0.712s] -- Found Python3: /usr/bin/python3 (found version "3.10.12") found components: Interpreter
[0.842s] -- Found rosidl_default_generators: 1.2.0 (/opt/ros/humble/share/rosidl_default_generators/cmake)
[0.845s] -- Using all available rosidl_typesupport_c: rosidl_typesupport_fastrtps_c;rosidl_typesupport_introspection_c
[0.853s] -- Found rosidl_adapter: 3.1.6 (/opt/ros/humble/share/rosidl_adapter/cmake)
[0.909s] -- Using all available rosidl_typesupport_cpp: rosidl_typesupport_fastrtps_cpp;rosidl_typesupport_introspection_cpp
[0.953s] -- Found builtin_interfaces: 1.2.1 (/opt/ros/humble/share/builtin_interfaces/cmake)
[0.972s] -- Found std_msgs: 4.2.4 (/opt/ros/humble/share/std_msgs/cmake)
[0.991s] -- Found sensor_msgs: 4.2.4 (/opt/ros/humble/share/sensor_msgs/cmake)
[1.521s] -- Found ament_cmake_cppcheck: 0.12.11 (/opt/ros/humble/share/ament_cmake_cppcheck/cmake)
[1.523s] -- Found ament_cmake_cpplint: 0.12.11 (/opt/ros/humble/share/ament_cmake_cpplint/cmake)
[1.526s] -- Found ament_cmake_uncrustify: 0.12.11 (/opt/ros/humble/share/ament_cmake_uncrustify/cmake)
[1.529s] -- Found ament_cmake_ros: 0.10.0 (/opt/ros/humble/share/ament_cmake_ros/cmake)
[2.051s] -- Using all available rosidl_typesupport_c: rosidl_typesupport_fastrtps_c;rosidl_typesupport_introspection_c
[2.733s] -- Using all available rosidl_typesupport_cpp: rosidl_typesupport_fastrtps_cpp;rosidl_typesupport_introspection_cpp
[2.742s] [33mCMake Warning (dev) at /opt/ros/humble/share/rosidl_generator_py/cmake/rosidl_generator_py_generate_interfaces.cmake:20 (find_package):
[2.742s]   Policy CMP0148 is not set: The FindPythonInterp and FindPythonLibs modules
[2.742s]   are removed.  Run "cmake --help-policy CMP0148" for policy details.  Use
[2.742s]   the cmake_policy command to set the policy and suppress this warning.
[2.742s] 
[2.742s] Call Stack (most recent call first):
[2.742s]   /opt/ros/humble/share/ament_cmake_core/cmake/core/ament_execute_extensions.cmake:48 (include)
[2.742s]   /opt/ros/humble/share/rosidl_cmake/cmake/rosidl_generate_interfaces.cmake:286 (ament_execute_extensions)
[2.742s]   CMakeLists.txt:39 (rosidl_generate_interfaces)
[2.742s] This warning is for project developers.  Use -Wno-dev to suppress it.
[2.743s] [0m
[2.761s] -- Found PythonInterp: /usr/bin/python3 (found suitable version "3.10.12", minimum required is "3.6")
[2.763s] -- Found python_cmake_module: 0.10.0 (/opt/ros/humble/share/python_cmake_module/cmake)
[2.764s] [33mCMake Warning (dev) at /opt/ros/humble/share/python_cmake_module/cmake/Modules/FindPythonExtra.cmake:52 (find_package):
[2.764s]   Policy CMP0148 is not set: The FindPythonInterp and FindPythonLibs modules
[2.764s]   are removed.  Run "cmake --help-policy CMP0148" for policy details.  Use
[2.764s]   the cmake_policy command to set the policy and suppress this warning.
[2.764s] 
[2.764s] Call Stack (most recent call first):
[2.764s]   /opt/ros/humble/share/rosidl_generator_py/cmake/rosidl_generator_py_generate_interfaces.cmake:23 (find_package)
[2.764s]   /opt/ros/humble/share/ament_cmake_core/cmake/core/ament_execute_extensions.cmake:48 (include)
[2.764s]   /opt/ros/humble/share/rosidl_cmake/cmake/rosidl_generate_interfaces.cmake:286 (ament_execute_extensions)
[2.764s]   CMakeLists.txt:39 (rosidl_generate_interfaces)
[2.764s] This warning is for project developers.  Use -Wno-dev to suppress it.
[2.764s] [0m
[2.782s] [33mCMake Warning (dev) at /opt/ros/humble/share/python_cmake_module/cmake/Modules/FindPythonExtra.cmake:140 (find_package):
[2.782s]   Policy CMP0148 is not set: The FindPythonInterp and FindPythonLibs modules
[2.782s]   are removed.  Run "cmake --help-policy CMP0148" for policy details.  Use
[2.782s]   the cmake_policy command to set the policy and suppress this warning.
[2.782s] 
[2.782s] Call Stack (most recent call first):
[2.782s]   /opt/ros/humble/share/rosidl_generator_py/cmake/rosidl_generator_py_generate_interfaces.cmake:23 (find_package)
[2.782s]   /opt/ros/humble/share/ament_cmake_core/cmake/core/ament_execute_extensions.cmake:48 (include)
[2.782s]   /opt/ros/humble/share/rosidl_cmake/cmake/rosidl_generate_interfaces.cmake:286 (ament_execute_extensions)
[2.782s]   CMakeLists.txt:39 (rosidl_generate_interfaces)
[2.782s] This warning is for project developers.  Use -Wno-dev to suppress it.
[2.782s] [0m
[2.790s] -- Found PythonLibs: /usr/lib/x86_64-linux-gnu/libpython3.10.so (found suitable version "3.10.12", minimum required is "3.5")
[2.790s] -- Using PYTHON_EXECUTABLE: /usr/bin/python3
[2.790s] -- Using PYTHON_INCLUDE_DIRS: /usr/include/python3.10
[2.790s] -- Using PYTHON_LIBRARIES: /usr/lib/x86_64-linux-gnu/libpython3.10.so
[2.811s] -- Found PythonExtra: .so
[2.898s] -- Found ament_cmake_flake8: 0.12.11 (/opt/ros/humble/share/ament_cmake_flake8/cmake)
[2.900s] -- Found ament_cmake_pep257: 0.12.11 (/opt/ros/humble/share/ament_cmake_pep257/cmake)
[2.912s] -- Configuring done (2.8s)
[2.966s] -- Generating done (0.1s)
[2.977s] -- Build files have been written to: /home/uli/Desktop/tec/personal/intel_sense/ros2wrapper/build/realsense2_camera_msgs
[2.999s] Invoked command in '/home/uli/Desktop/tec/personal/intel_sense/ros2wrapper/build/realsense2_camera_msgs' returned '0': CMAKE_PREFIX_PATH=/opt/ros/humble /home/uli/.local/bin/cmake /home/uli/Desktop/tec/personal/intel_sense/ros2wrapper/src/realsense-ros/realsense2_camera_msgs -DCMAKE_INSTALL_PREFIX=/home/uli/Desktop/tec/personal/intel_sense/ros2wrapper/install/realsense2_camera_msgs
[3.001s] Invoking command in '/home/uli/Desktop/tec/personal/intel_sense/ros2wrapper/build/realsense2_camera_msgs': CMAKE_PREFIX_PATH=/opt/ros/humble /home/uli/.local/bin/cmake --build /home/uli/Desktop/tec/personal/intel_sense/ros2wrapper/build/realsense2_camera_msgs -- -j8 -l8
[3.090s] [  1%] [34m[1mGenerating C code for ROS interfaces[0m
[3.094s] [  3%] [34m[1mGenerating C++ code for ROS interfaces[0m
[3.096s] [  3%] Built target ament_cmake_python_copy_realsense2_camera_msgs
[3.428s] running egg_info
[3.429s] creating realsense2_camera_msgs.egg-info
[3.429s] writing realsense2_camera_msgs.egg-info/PKG-INFO
[3.429s] writing dependency_links to realsense2_camera_msgs.egg-info/dependency_links.txt
[3.429s] writing top-level names to realsense2_camera_msgs.egg-info/top_level.txt
[3.429s] writing manifest file 'realsense2_camera_msgs.egg-info/SOURCES.txt'
[3.432s] reading manifest file 'realsense2_camera_msgs.egg-info/SOURCES.txt'
[3.433s] writing manifest file 'realsense2_camera_msgs.egg-info/SOURCES.txt'
[3.457s] [  3%] Built target ament_cmake_python_build_realsense2_camera_msgs_egg
[3.640s] [  4%] [32mBuilding C object CMakeFiles/realsense2_camera_msgs__rosidl_generator_c.dir/rosidl_generator_c/realsense2_camera_msgs/msg/detail/imu_info__functions.c.o[0m
[3.640s] [  6%] [32mBuilding C object CMakeFiles/realsense2_camera_msgs__rosidl_generator_c.dir/rosidl_generator_c/realsense2_camera_msgs/msg/detail/extrinsics__functions.c.o[0m
[3.640s] [  7%] [32mBuilding C object CMakeFiles/realsense2_camera_msgs__rosidl_generator_c.dir/rosidl_generator_c/realsense2_camera_msgs/msg/detail/metadata__functions.c.o[0m
[3.643s] [  9%] [32mBuilding C object CMakeFiles/realsense2_camera_msgs__rosidl_generator_c.dir/rosidl_generator_c/realsense2_camera_msgs/msg/detail/rgbd__functions.c.o[0m
[3.644s] [ 11%] [32mBuilding C object CMakeFiles/realsense2_camera_msgs__rosidl_generator_c.dir/rosidl_generator_c/realsense2_camera_msgs/srv/detail/device_info__functions.c.o[0m
[3.656s] [ 11%] Built target realsense2_camera_msgs__cpp
[3.662s] [ 14%] [34m[1mGenerating C++ type support dispatch for ROS interfaces[0m
[3.662s] [ 14%] [34m[1mGenerating C++ type support for eProsima Fast-RTPS[0m
[3.663s] [ 15%] [34m[1mGenerating C++ introspection for ROS interfaces[0m
[3.735s] [ 17%] [32m[1mLinking C shared library librealsense2_camera_msgs__rosidl_generator_c.so[0m
[3.767s] [ 17%] Built target realsense2_camera_msgs__rosidl_generator_c
[3.774s] [ 20%] [34m[1mGenerating C type support for eProsima Fast-RTPS[0m
[3.774s] [ 20%] [34m[1mGenerating C introspection for ROS interfaces[0m
[3.774s] [ 22%] [34m[1mGenerating C type support dispatch for ROS interfaces[0m
[4.084s] [ 23%] [32mBuilding CXX object CMakeFiles/realsense2_camera_msgs__rosidl_typesupport_cpp.dir/rosidl_typesupport_cpp/realsense2_camera_msgs/msg/imu_info__type_support.cpp.o[0m
[4.084s] [ 26%] [32mBuilding CXX object CMakeFiles/realsense2_camera_msgs__rosidl_typesupport_cpp.dir/rosidl_typesupport_cpp/realsense2_camera_msgs/msg/metadata__type_support.cpp.o[0m
[4.084s] [ 25%] [32mBuilding CXX object CMakeFiles/realsense2_camera_msgs__rosidl_typesupport_cpp.dir/rosidl_typesupport_cpp/realsense2_camera_msgs/msg/extrinsics__type_support.cpp.o[0m
[4.179s] [ 28%] [32mBuilding CXX object CMakeFiles/realsense2_camera_msgs__rosidl_typesupport_introspection_cpp.dir/rosidl_typesupport_introspection_cpp/realsense2_camera_msgs/msg/detail/imu_info__type_support.cpp.o[0m
[4.408s] [ 30%] [32mBuilding CXX object CMakeFiles/realsense2_camera_msgs__rosidl_typesupport_c.dir/rosidl_typesupport_c/realsense2_camera_msgs/msg/imu_info__type_support.cpp.o[0m
[4.458s] [ 31%] [32mBuilding CXX object CMakeFiles/realsense2_camera_msgs__rosidl_typesupport_c.dir/rosidl_typesupport_c/realsense2_camera_msgs/msg/extrinsics__type_support.cpp.o[0m
[4.493s] [ 33%] [32mBuilding CXX object CMakeFiles/realsense2_camera_msgs__rosidl_typesupport_c.dir/rosidl_typesupport_c/realsense2_camera_msgs/msg/metadata__type_support.cpp.o[0m
[4.511s] [ 34%] [32mBuilding CXX object CMakeFiles/realsense2_camera_msgs__rosidl_typesupport_fastrtps_cpp.dir/rosidl_typesupport_fastrtps_cpp/realsense2_camera_msgs/msg/detail/dds_fastrtps/imu_info__type_support.cpp.o[0m
[4.531s] [ 36%] [32mBuilding CXX object CMakeFiles/realsense2_camera_msgs__rosidl_typesupport_c.dir/rosidl_typesupport_c/realsense2_camera_msgs/msg/rgbd__type_support.cpp.o[0m
[4.553s] [ 38%] [32mBuilding CXX object CMakeFiles/realsense2_camera_msgs__rosidl_typesupport_fastrtps_cpp.dir/rosidl_typesupport_fastrtps_cpp/realsense2_camera_msgs/msg/detail/dds_fastrtps/extrinsics__type_support.cpp.o[0m
[4.558s] [ 39%] [32mBuilding CXX object CMakeFiles/realsense2_camera_msgs__rosidl_typesupport_c.dir/rosidl_typesupport_c/realsense2_camera_msgs/srv/device_info__type_support.cpp.o[0m
[4.571s] [ 41%] [32mBuilding C object CMakeFiles/realsense2_camera_msgs__rosidl_typesupport_introspection_c.dir/rosidl_typesupport_introspection_c/realsense2_camera_msgs/msg/detail/imu_info__type_support.c.o[0m
[4.572s] [ 42%] [32mBuilding CXX object CMakeFiles/realsense2_camera_msgs__rosidl_typesupport_introspection_cpp.dir/rosidl_typesupport_introspection_cpp/realsense2_camera_msgs/msg/detail/extrinsics__type_support.cpp.o[0m
[4.582s] [ 44%] [32mBuilding CXX object CMakeFiles/realsense2_camera_msgs__rosidl_typesupport_cpp.dir/rosidl_typesupport_cpp/realsense2_camera_msgs/msg/rgbd__type_support.cpp.o[0m
[4.598s] [ 46%] [32m[1mLinking CXX shared library librealsense2_camera_msgs__rosidl_typesupport_c.so[0m
[4.617s] [ 47%] [32mBuilding CXX object CMakeFiles/realsense2_camera_msgs__rosidl_typesupport_fastrtps_c.dir/rosidl_typesupport_fastrtps_c/realsense2_camera_msgs/msg/detail/imu_info__type_support_c.cpp.o[0m
[4.625s] [ 49%] [32mBuilding C object CMakeFiles/realsense2_camera_msgs__rosidl_typesupport_introspection_c.dir/rosidl_typesupport_introspection_c/realsense2_camera_msgs/msg/detail/extrinsics__type_support.c.o[0m
[4.647s] [ 49%] Built target realsense2_camera_msgs__rosidl_typesupport_c
[4.652s] [ 50%] [32mBuilding CXX object CMakeFiles/realsense2_camera_msgs__rosidl_typesupport_fastrtps_c.dir/rosidl_typesupport_fastrtps_c/realsense2_camera_msgs/msg/detail/extrinsics__type_support_c.cpp.o[0m
[4.670s] [ 52%] [32mBuilding C object CMakeFiles/realsense2_camera_msgs__rosidl_typesupport_introspection_c.dir/rosidl_typesupport_introspection_c/realsense2_camera_msgs/msg/detail/metadata__type_support.c.o[0m
[4.716s] [ 53%] [32mBuilding C object CMakeFiles/realsense2_camera_msgs__rosidl_typesupport_introspection_c.dir/rosidl_typesupport_introspection_c/realsense2_camera_msgs/msg/detail/rgbd__type_support.c.o[0m
[4.765s] [ 55%] [32mBuilding C object CMakeFiles/realsense2_camera_msgs__rosidl_typesupport_introspection_c.dir/rosidl_typesupport_introspection_c/realsense2_camera_msgs/srv/detail/device_info__type_support.c.o[0m
[4.812s] [ 57%] [32m[1mLinking C shared library librealsense2_camera_msgs__rosidl_typesupport_introspection_c.so[0m
[4.815s] [ 58%] [32mBuilding CXX object CMakeFiles/realsense2_camera_msgs__rosidl_typesupport_fastrtps_c.dir/rosidl_typesupport_fastrtps_c/realsense2_camera_msgs/msg/detail/metadata__type_support_c.cpp.o[0m
[4.849s] [ 58%] Built target realsense2_camera_msgs__rosidl_typesupport_introspection_c
[4.854s] [ 60%] [32mBuilding CXX object CMakeFiles/realsense2_camera_msgs__rosidl_typesupport_fastrtps_cpp.dir/rosidl_typesupport_fastrtps_cpp/realsense2_camera_msgs/msg/detail/dds_fastrtps/metadata__type_support.cpp.o[0m
[5.029s] [ 61%] [32mBuilding CXX object CMakeFiles/realsense2_camera_msgs__rosidl_typesupport_cpp.dir/rosidl_typesupport_cpp/realsense2_camera_msgs/srv/device_info__type_support.cpp.o[0m
[5.212s] [ 63%] [32mBuilding CXX object CMakeFiles/realsense2_camera_msgs__rosidl_typesupport_introspection_cpp.dir/rosidl_typesupport_introspection_cpp/realsense2_camera_msgs/msg/detail/metadata__type_support.cpp.o[0m
[5.219s] [ 65%] [32mBuilding CXX object CMakeFiles/realsense2_camera_msgs__rosidl_typesupport_fastrtps_cpp.dir/rosidl_typesupport_fastrtps_cpp/realsense2_camera_msgs/msg/detail/dds_fastrtps/rgbd__type_support.cpp.o[0m
[5.226s] [ 66%] [32mBuilding CXX object CMakeFiles/realsense2_camera_msgs__rosidl_typesupport_introspection_cpp.dir/rosidl_typesupport_introspection_cpp/realsense2_camera_msgs/msg/detail/rgbd__type_support.cpp.o[0m
[5.242s] [ 68%] [32mBuilding CXX object CMakeFiles/realsense2_camera_msgs__rosidl_typesupport_fastrtps_cpp.dir/rosidl_typesupport_fastrtps_cpp/realsense2_camera_msgs/srv/detail/dds_fastrtps/device_info__type_support.cpp.o[0m
[5.272s] [ 69%] [32mBuilding CXX object CMakeFiles/realsense2_camera_msgs__rosidl_typesupport_introspection_cpp.dir/rosidl_typesupport_introspection_cpp/realsense2_camera_msgs/srv/detail/device_info__type_support.cpp.o[0m
[5.474s] [ 71%] [32mBuilding CXX object CMakeFiles/realsense2_camera_msgs__rosidl_typesupport_fastrtps_c.dir/rosidl_typesupport_fastrtps_c/realsense2_camera_msgs/msg/detail/rgbd__type_support_c.cpp.o[0m
[5.493s] [ 73%] [32m[1mLinking CXX shared library librealsense2_camera_msgs__rosidl_typesupport_cpp.so[0m
[5.503s] [ 74%] [32mBuilding CXX object CMakeFiles/realsense2_camera_msgs__rosidl_typesupport_fastrtps_c.dir/rosidl_typesupport_fastrtps_c/realsense2_camera_msgs/srv/detail/device_info__type_support_c.cpp.o[0m
[5.546s] [ 74%] Built target realsense2_camera_msgs__rosidl_typesupport_cpp
[5.928s] [ 76%] [32m[1mLinking CXX shared library librealsense2_camera_msgs__rosidl_typesupport_fastrtps_cpp.so[0m
[5.935s] [ 77%] [32m[1mLinking CXX shared library librealsense2_camera_msgs__rosidl_typesupport_introspection_cpp.so[0m
[6.025s] [ 79%] [32m[1mLinking CXX shared library librealsense2_camera_msgs__rosidl_typesupport_fastrtps_c.so[0m
[6.025s] [ 79%] Built target realsense2_camera_msgs__rosidl_typesupport_fastrtps_cpp
[6.031s] [ 79%] Built target realsense2_camera_msgs__rosidl_typesupport_introspection_cpp
[6.096s] [ 79%] Built target realsense2_camera_msgs__rosidl_typesupport_fastrtps_c
[6.105s] [ 79%] Built target realsense2_camera_msgs
[6.114s] [ 80%] [34m[1mGenerating Python code for ROS interfaces[0m
[6.945s] [ 80%] Built target realsense2_camera_msgs__py
[6.955s] [ 84%] [32mBuilding C object CMakeFiles/realsense2_camera_msgs__rosidl_generator_py.dir/rosidl_generator_py/realsense2_camera_msgs/msg/_extrinsics_s.c.o[0m
[6.955s] [ 84%] [32mBuilding C object CMakeFiles/realsense2_camera_msgs__rosidl_generator_py.dir/rosidl_generator_py/realsense2_camera_msgs/msg/_imu_info_s.c.o[0m
[6.956s] [ 87%] [32mBuilding C object CMakeFiles/realsense2_camera_msgs__rosidl_generator_py.dir/rosidl_generator_py/realsense2_camera_msgs/msg/_rgbd_s.c.o[0m
[6.956s] [ 87%] [32mBuilding C object CMakeFiles/realsense2_camera_msgs__rosidl_generator_py.dir/rosidl_generator_py/realsense2_camera_msgs/msg/_metadata_s.c.o[0m
[6.956s] [ 88%] [32mBuilding C object CMakeFiles/realsense2_camera_msgs__rosidl_generator_py.dir/rosidl_generator_py/realsense2_camera_msgs/srv/_device_info_s.c.o[0m
[7.113s] [ 90%] [32m[1mLinking C shared library rosidl_generator_py/realsense2_camera_msgs/librealsense2_camera_msgs__rosidl_generator_py.so[0m
[7.148s] [ 90%] Built target realsense2_camera_msgs__rosidl_generator_py
[7.157s] [ 93%] [32mBuilding C object CMakeFiles/realsense2_camera_msgs__rosidl_typesupport_fastrtps_c__pyext.dir/rosidl_generator_py/realsense2_camera_msgs/_realsense2_camera_msgs_s.ep.rosidl_typesupport_fastrtps_c.c.o[0m
[7.158s] [ 93%] [32mBuilding C object CMakeFiles/realsense2_camera_msgs__rosidl_typesupport_introspection_c__pyext.dir/rosidl_generator_py/realsense2_camera_msgs/_realsense2_camera_msgs_s.ep.rosidl_typesupport_introspection_c.c.o[0m
[7.158s] [ 95%] [32mBuilding C object CMakeFiles/realsense2_camera_msgs__rosidl_typesupport_c__pyext.dir/rosidl_generator_py/realsense2_camera_msgs/_realsense2_camera_msgs_s.ep.rosidl_typesupport_c.c.o[0m
[7.260s] [ 96%] [32m[1mLinking C shared library rosidl_generator_py/realsense2_camera_msgs/realsense2_camera_msgs_s__rosidl_typesupport_introspection_c.cpython-310-x86_64-linux-gnu.so[0m
[7.261s] [ 98%] [32m[1mLinking C shared library rosidl_generator_py/realsense2_camera_msgs/realsense2_camera_msgs_s__rosidl_typesupport_c.cpython-310-x86_64-linux-gnu.so[0m
[7.268s] [100%] [32m[1mLinking C shared library rosidl_generator_py/realsense2_camera_msgs/realsense2_camera_msgs_s__rosidl_typesupport_fastrtps_c.cpython-310-x86_64-linux-gnu.so[0m
[7.288s] [100%] Built target realsense2_camera_msgs__rosidl_typesupport_introspection_c__pyext
[7.288s] [100%] Built target realsense2_camera_msgs__rosidl_typesupport_c__pyext
[7.298s] [100%] Built target realsense2_camera_msgs__rosidl_typesupport_fastrtps_c__pyext
[7.316s] Invoked command in '/home/uli/Desktop/tec/personal/intel_sense/ros2wrapper/build/realsense2_camera_msgs' returned '0': CMAKE_PREFIX_PATH=/opt/ros/humble /home/uli/.local/bin/cmake --build /home/uli/Desktop/tec/personal/intel_sense/ros2wrapper/build/realsense2_camera_msgs -- -j8 -l8
[7.410s] Invoking command in '/home/uli/Desktop/tec/personal/intel_sense/ros2wrapper/build/realsense2_camera_msgs': CMAKE_PREFIX_PATH=/opt/ros/humble /home/uli/.local/bin/cmake --install /home/uli/Desktop/tec/personal/intel_sense/ros2wrapper/build/realsense2_camera_msgs
[7.486s] -- Install configuration: ""
[7.486s] -- Installing: /home/uli/Desktop/tec/personal/intel_sense/ros2wrapper/install/realsense2_camera_msgs/share/ament_index/resource_index/rosidl_interfaces/realsense2_camera_msgs
[7.486s] -- Installing: /home/uli/Desktop/tec/personal/intel_sense/ros2wrapper/install/realsense2_camera_msgs/include/realsense2_camera_msgs/realsense2_camera_msgs
[7.486s] -- Installing: /home/uli/Desktop/tec/personal/intel_sense/ros2wrapper/install/realsense2_camera_msgs/include/realsense2_camera_msgs/realsense2_camera_msgs/msg
[7.486s] -- Installing: /home/uli/Desktop/tec/personal/intel_sense/ros2wrapper/install/realsense2_camera_msgs/include/realsense2_camera_msgs/realsense2_camera_msgs/msg/detail
[7.487s] -- Installing: /home/uli/Desktop/tec/personal/intel_sense/ros2wrapper/install/realsense2_camera_msgs/include/realsense2_camera_msgs/realsense2_camera_msgs/msg/detail/imu_info__functions.c
[7.487s] -- Installing: /home/uli/Desktop/tec/personal/intel_sense/ros2wrapper/install/realsense2_camera_msgs/include/realsense2_camera_msgs/realsense2_camera_msgs/msg/detail/rgbd__struct.h
[7.487s] -- Installing: /home/uli/Desktop/tec/personal/intel_sense/ros2wrapper/install/realsense2_camera_msgs/include/realsense2_camera_msgs/realsense2_camera_msgs/msg/detail/imu_info__struct.h
[7.487s] -- Installing: /home/uli/Desktop/tec/personal/intel_sense/ros2wrapper/install/realsense2_camera_msgs/include/realsense2_camera_msgs/realsense2_camera_msgs/msg/detail/rgbd__functions.c
[7.487s] -- Installing: /home/uli/Desktop/tec/personal/intel_sense/ros2wrapper/install/realsense2_camera_msgs/include/realsense2_camera_msgs/realsense2_camera_msgs/msg/detail/extrinsics__functions.c
[7.487s] -- Installing: /home/uli/Desktop/tec/personal/intel_sense/ros2wrapper/install/realsense2_camera_msgs/include/realsense2_camera_msgs/realsense2_camera_msgs/msg/detail/imu_info__functions.h
[7.487s] -- Installing: /home/uli/Desktop/tec/personal/intel_sense/ros2wrapper/install/realsense2_camera_msgs/include/realsense2_camera_msgs/realsense2_camera_msgs/msg/detail/metadata__type_support.h
[7.487s] -- Installing: /home/uli/Desktop/tec/personal/intel_sense/ros2wrapper/install/realsense2_camera_msgs/include/realsense2_camera_msgs/realsense2_camera_msgs/msg/detail/rgbd__type_support.h
[7.487s] -- Installing: /home/uli/Desktop/tec/personal/intel_sense/ros2wrapper/install/realsense2_camera_msgs/include/realsense2_camera_msgs/realsense2_camera_msgs/msg/detail/metadata__functions.h
[7.487s] -- Installing: /home/uli/Desktop/tec/personal/intel_sense/ros2wrapper/install/realsense2_camera_msgs/include/realsense2_camera_msgs/realsense2_camera_msgs/msg/detail/extrinsics__functions.h
[7.487s] -- Installing: /home/uli/Desktop/tec/personal/intel_sense/ros2wrapper/install/realsense2_camera_msgs/include/realsense2_camera_msgs/realsense2_camera_msgs/msg/detail/extrinsics__struct.h
[7.487s] -- Installing: /home/uli/Desktop/tec/personal/intel_sense/ros2wrapper/install/realsense2_camera_msgs/include/realsense2_camera_msgs/realsense2_camera_msgs/msg/detail/imu_info__type_support.h
[7.487s] -- Installing: /home/uli/Desktop/tec/personal/intel_sense/ros2wrapper/install/realsense2_camera_msgs/include/realsense2_camera_msgs/realsense2_camera_msgs/msg/detail/extrinsics__type_support.h
[7.488s] -- Installing: /home/uli/Desktop/tec/personal/intel_sense/ros2wrapper/install/realsense2_camera_msgs/include/realsense2_camera_msgs/realsense2_camera_msgs/msg/detail/metadata__struct.h
[7.488s] -- Installing: /home/uli/Desktop/tec/personal/intel_sense/ros2wrapper/install/realsense2_camera_msgs/include/realsense2_camera_msgs/realsense2_camera_msgs/msg/detail/metadata__functions.c
[7.488s] -- Installing: /home/uli/Desktop/tec/personal/intel_sense/ros2wrapper/install/realsense2_camera_msgs/include/realsense2_camera_msgs/realsense2_camera_msgs/msg/detail/rgbd__functions.h
[7.488s] -- Installing: /home/uli/Desktop/tec/personal/intel_sense/ros2wrapper/install/realsense2_camera_msgs/include/realsense2_camera_msgs/realsense2_camera_msgs/msg/extrinsics.h
[7.488s] -- Installing: /home/uli/Desktop/tec/personal/intel_sense/ros2wrapper/install/realsense2_camera_msgs/include/realsense2_camera_msgs/realsense2_camera_msgs/msg/imu_info.h
[7.488s] -- Installing: /home/uli/Desktop/tec/personal/intel_sense/ros2wrapper/install/realsense2_camera_msgs/include/realsense2_camera_msgs/realsense2_camera_msgs/msg/rgbd.h
[7.488s] -- Installing: /home/uli/Desktop/tec/personal/intel_sense/ros2wrapper/install/realsense2_camera_msgs/include/realsense2_camera_msgs/realsense2_camera_msgs/msg/metadata.h
[7.488s] -- Installing: /home/uli/Desktop/tec/personal/intel_sense/ros2wrapper/install/realsense2_camera_msgs/include/realsense2_camera_msgs/realsense2_camera_msgs/msg/rosidl_generator_c__visibility_control.h
[7.488s] -- Installing: /home/uli/Desktop/tec/personal/intel_sense/ros2wrapper/install/realsense2_camera_msgs/include/realsense2_camera_msgs/realsense2_camera_msgs/srv
[7.488s] -- Installing: /home/uli/Desktop/tec/personal/intel_sense/ros2wrapper/install/realsense2_camera_msgs/include/realsense2_camera_msgs/realsense2_camera_msgs/srv/detail
[7.488s] -- Installing: /home/uli/Desktop/tec/personal/intel_sense/ros2wrapper/install/realsense2_camera_msgs/include/realsense2_camera_msgs/realsense2_camera_msgs/srv/detail/device_info__struct.h
[7.489s] -- Installing: /home/uli/Desktop/tec/personal/intel_sense/ros2wrapper/install/realsense2_camera_msgs/include/realsense2_camera_msgs/realsense2_camera_msgs/srv/detail/device_info__functions.h
[7.489s] -- Installing: /home/uli/Desktop/tec/personal/intel_sense/ros2wrapper/install/realsense2_camera_msgs/include/realsense2_camera_msgs/realsense2_camera_msgs/srv/detail/device_info__type_support.h
[7.489s] -- Installing: /home/uli/Desktop/tec/personal/intel_sense/ros2wrapper/install/realsense2_camera_msgs/include/realsense2_camera_msgs/realsense2_camera_msgs/srv/detail/device_info__functions.c
[7.489s] -- Installing: /home/uli/Desktop/tec/personal/intel_sense/ros2wrapper/install/realsense2_camera_msgs/include/realsense2_camera_msgs/realsense2_camera_msgs/srv/device_info.h
[7.489s] -- Installing: /home/uli/Desktop/tec/personal/intel_sense/ros2wrapper/install/realsense2_camera_msgs/share/realsense2_camera_msgs/environment/library_path.sh
[7.490s] -- Installing: /home/uli/Desktop/tec/personal/intel_sense/ros2wrapper/install/realsense2_camera_msgs/share/realsense2_camera_msgs/environment/library_path.dsv
[7.490s] -- Installing: /home/uli/Desktop/tec/personal/intel_sense/ros2wrapper/install/realsense2_camera_msgs/lib/librealsense2_camera_msgs__rosidl_generator_c.so
[7.490s] -- Set non-toolchain portion of runtime path of "/home/uli/Desktop/tec/personal/intel_sense/ros2wrapper/install/realsense2_camera_msgs/lib/librealsense2_camera_msgs__rosidl_generator_c.so" to ""
[7.490s] -- Up-to-date: /home/uli/Desktop/tec/personal/intel_sense/ros2wrapper/install/realsense2_camera_msgs/include/realsense2_camera_msgs/realsense2_camera_msgs
[7.490s] -- Up-to-date: /home/uli/Desktop/tec/personal/intel_sense/ros2wrapper/install/realsense2_camera_msgs/include/realsense2_camera_msgs/realsense2_camera_msgs/msg
[7.490s] -- Installing: /home/uli/Desktop/tec/personal/intel_sense/ros2wrapper/install/realsense2_camera_msgs/include/realsense2_camera_msgs/realsense2_camera_msgs/msg/rosidl_typesupport_fastrtps_c__visibility_control.h
[7.491s] -- Up-to-date: /home/uli/Desktop/tec/personal/intel_sense/ros2wrapper/install/realsense2_camera_msgs/include/realsense2_camera_msgs/realsense2_camera_msgs/msg/detail
[7.491s] -- Installing: /home/uli/Desktop/tec/personal/intel_sense/ros2wrapper/install/realsense2_camera_msgs/include/realsense2_camera_msgs/realsense2_camera_msgs/msg/detail/metadata__rosidl_typesupport_fastrtps_c.h
[7.491s] -- Installing: /home/uli/Desktop/tec/personal/intel_sense/ros2wrapper/install/realsense2_camera_msgs/include/realsense2_camera_msgs/realsense2_camera_msgs/msg/detail/extrinsics__rosidl_typesupport_fastrtps_c.h
[7.491s] -- Installing: /home/uli/Desktop/tec/personal/intel_sense/ros2wrapper/install/realsense2_camera_msgs/include/realsense2_camera_msgs/realsense2_camera_msgs/msg/detail/imu_info__rosidl_typesupport_fastrtps_c.h
[7.491s] -- Installing: /home/uli/Desktop/tec/personal/intel_sense/ros2wrapper/install/realsense2_camera_msgs/include/realsense2_camera_msgs/realsense2_camera_msgs/msg/detail/rgbd__rosidl_typesupport_fastrtps_c.h
[7.491s] -- Up-to-date: /home/uli/Desktop/tec/personal/intel_sense/ros2wrapper/install/realsense2_camera_msgs/include/realsense2_camera_msgs/realsense2_camera_msgs/srv
[7.491s] -- Up-to-date: /home/uli/Desktop/tec/personal/intel_sense/ros2wrapper/install/realsense2_camera_msgs/include/realsense2_camera_msgs/realsense2_camera_msgs/srv/detail
[7.491s] -- Installing: /home/uli/Desktop/tec/personal/intel_sense/ros2wrapper/install/realsense2_camera_msgs/include/realsense2_camera_msgs/realsense2_camera_msgs/srv/detail/device_info__rosidl_typesupport_fastrtps_c.h
[7.491s] -- Installing: /home/uli/Desktop/tec/personal/intel_sense/ros2wrapper/install/realsense2_camera_msgs/lib/librealsense2_camera_msgs__rosidl_typesupport_fastrtps_c.so
[7.491s] -- Set non-toolchain portion of runtime path of "/home/uli/Desktop/tec/personal/intel_sense/ros2wrapper/install/realsense2_camera_msgs/lib/librealsense2_camera_msgs__rosidl_typesupport_fastrtps_c.so" to ""
[7.491s] -- Up-to-date: /home/uli/Desktop/tec/personal/intel_sense/ros2wrapper/install/realsense2_camera_msgs/include/realsense2_camera_msgs/realsense2_camera_msgs
[7.491s] -- Up-to-date: /home/uli/Desktop/tec/personal/intel_sense/ros2wrapper/install/realsense2_camera_msgs/include/realsense2_camera_msgs/realsense2_camera_msgs/msg
[7.491s] -- Up-to-date: /home/uli/Desktop/tec/personal/intel_sense/ros2wrapper/install/realsense2_camera_msgs/include/realsense2_camera_msgs/realsense2_camera_msgs/msg/detail
[7.491s] -- Installing: /home/uli/Desktop/tec/personal/intel_sense/ros2wrapper/install/realsense2_camera_msgs/include/realsense2_camera_msgs/realsense2_camera_msgs/msg/detail/imu_info__type_support.c
[7.491s] -- Installing: /home/uli/Desktop/tec/personal/intel_sense/ros2wrapper/install/realsense2_camera_msgs/include/realsense2_camera_msgs/realsense2_camera_msgs/msg/detail/extrinsics__rosidl_typesupport_introspection_c.h
[7.491s] -- Installing: /home/uli/Desktop/tec/personal/intel_sense/ros2wrapper/install/realsense2_camera_msgs/include/realsense2_camera_msgs/realsense2_camera_msgs/msg/detail/metadata__rosidl_typesupport_introspection_c.h
[7.492s] -- Installing: /home/uli/Desktop/tec/personal/intel_sense/ros2wrapper/install/realsense2_camera_msgs/include/realsense2_camera_msgs/realsense2_camera_msgs/msg/detail/extrinsics__type_support.c
[7.492s] -- Installing: /home/uli/Desktop/tec/personal/intel_sense/ros2wrapper/install/realsense2_camera_msgs/include/realsense2_camera_msgs/realsense2_camera_msgs/msg/detail/metadata__type_support.c
[7.492s] -- Installing: /home/uli/Desktop/tec/personal/intel_sense/ros2wrapper/install/realsense2_camera_msgs/include/realsense2_camera_msgs/realsense2_camera_msgs/msg/detail/imu_info__rosidl_typesupport_introspection_c.h
[7.492s] -- Installing: /home/uli/Desktop/tec/personal/intel_sense/ros2wrapper/install/realsense2_camera_msgs/include/realsense2_camera_msgs/realsense2_camera_msgs/msg/detail/rgbd__type_support.c
[7.492s] -- Installing: /home/uli/Desktop/tec/personal/intel_sense/ros2wrapper/install/realsense2_camera_msgs/include/realsense2_camera_msgs/realsense2_camera_msgs/msg/detail/rgbd__rosidl_typesupport_introspection_c.h
[7.492s] -- Installing: /home/uli/Desktop/tec/personal/intel_sense/ros2wrapper/install/realsense2_camera_msgs/include/realsense2_camera_msgs/realsense2_camera_msgs/msg/rosidl_typesupport_introspection_c__visibility_control.h
[7.492s] -- Up-to-date: /home/uli/Desktop/tec/personal/intel_sense/ros2wrapper/install/realsense2_camera_msgs/include/realsense2_camera_msgs/realsense2_camera_msgs/srv
[7.492s] -- Up-to-date: /home/uli/Desktop/tec/personal/intel_sense/ros2wrapper/install/realsense2_camera_msgs/include/realsense2_camera_msgs/realsense2_camera_msgs/srv/detail
[7.492s] -- Installing: /home/uli/Desktop/tec/personal/intel_sense/ros2wrapper/install/realsense2_camera_msgs/include/realsense2_camera_msgs/realsense2_camera_msgs/srv/detail/device_info__rosidl_typesupport_introspection_c.h
[7.492s] -- Installing: /home/uli/Desktop/tec/personal/intel_sense/ros2wrapper/install/realsense2_camera_msgs/include/realsense2_camera_msgs/realsense2_camera_msgs/srv/detail/device_info__type_support.c
[7.492s] -- Installing: /home/uli/Desktop/tec/personal/intel_sense/ros2wrapper/install/realsense2_camera_msgs/lib/librealsense2_camera_msgs__rosidl_typesupport_introspection_c.so
[7.492s] -- Set non-toolchain portion of runtime path of "/home/uli/Desktop/tec/personal/intel_sense/ros2wrapper/install/realsense2_camera_msgs/lib/librealsense2_camera_msgs__rosidl_typesupport_introspection_c.so" to ""
[7.493s] -- Installing: /home/uli/Desktop/tec/personal/intel_sense/ros2wrapper/install/realsense2_camera_msgs/lib/librealsense2_camera_msgs__rosidl_typesupport_c.so
[7.493s] -- Set non-toolchain portion of runtime path of "/home/uli/Desktop/tec/personal/intel_sense/ros2wrapper/install/realsense2_camera_msgs/lib/librealsense2_camera_msgs__rosidl_typesupport_c.so" to ""
[7.493s] -- Up-to-date: /home/uli/Desktop/tec/personal/intel_sense/ros2wrapper/install/realsense2_camera_msgs/include/realsense2_camera_msgs/realsense2_camera_msgs
[7.493s] -- Up-to-date: /home/uli/Desktop/tec/personal/intel_sense/ros2wrapper/install/realsense2_camera_msgs/include/realsense2_camera_msgs/realsense2_camera_msgs/msg
[7.493s] -- Installing: /home/uli/Desktop/tec/personal/intel_sense/ros2wrapper/install/realsense2_camera_msgs/include/realsense2_camera_msgs/realsense2_camera_msgs/msg/extrinsics.hpp
[7.493s] -- Up-to-date: /home/uli/Desktop/tec/personal/intel_sense/ros2wrapper/install/realsense2_camera_msgs/include/realsense2_camera_msgs/realsense2_camera_msgs/msg/detail
[7.493s] -- Installing: /home/uli/Desktop/tec/personal/intel_sense/ros2wrapper/install/realsense2_camera_msgs/include/realsense2_camera_msgs/realsense2_camera_msgs/msg/detail/metadata__type_support.hpp
[7.493s] -- Installing: /home/uli/Desktop/tec/personal/intel_sense/ros2wrapper/install/realsense2_camera_msgs/include/realsense2_camera_msgs/realsense2_camera_msgs/msg/detail/rgbd__struct.hpp
[7.493s] -- Installing: /home/uli/Desktop/tec/personal/intel_sense/ros2wrapper/install/realsense2_camera_msgs/include/realsense2_camera_msgs/realsense2_camera_msgs/msg/detail/metadata__traits.hpp
[7.493s] -- Installing: /home/uli/Desktop/tec/personal/intel_sense/ros2wrapper/install/realsense2_camera_msgs/include/realsense2_camera_msgs/realsense2_camera_msgs/msg/detail/imu_info__type_support.hpp
[7.493s] -- Installing: /home/uli/Desktop/tec/personal/intel_sense/ros2wrapper/install/realsense2_camera_msgs/include/realsense2_camera_msgs/realsense2_camera_msgs/msg/detail/imu_info__traits.hpp
[7.493s] -- Installing: /home/uli/Desktop/tec/personal/intel_sense/ros2wrapper/install/realsense2_camera_msgs/include/realsense2_camera_msgs/realsense2_camera_msgs/msg/detail/rgbd__traits.hpp
[7.493s] -- Installing: /home/uli/Desktop/tec/personal/intel_sense/ros2wrapper/install/realsense2_camera_msgs/include/realsense2_camera_msgs/realsense2_camera_msgs/msg/detail/metadata__struct.hpp
[7.493s] -- Installing: /home/uli/Desktop/tec/personal/intel_sense/ros2wrapper/install/realsense2_camera_msgs/include/realsense2_camera_msgs/realsense2_camera_msgs/msg/detail/rgbd__type_support.hpp
[7.494s] -- Installing: /home/uli/Desktop/tec/personal/intel_sense/ros2wrapper/install/realsense2_camera_msgs/include/realsense2_camera_msgs/realsense2_camera_msgs/msg/detail/extrinsics__type_support.hpp
[7.494s] -- Installing: /home/uli/Desktop/tec/personal/intel_sense/ros2wrapper/install/realsense2_camera_msgs/include/realsense2_camera_msgs/realsense2_camera_msgs/msg/detail/extrinsics__struct.hpp
[7.494s] -- Installing: /home/uli/Desktop/tec/personal/intel_sense/ros2wrapper/install/realsense2_camera_msgs/include/realsense2_camera_msgs/realsense2_camera_msgs/msg/detail/metadata__builder.hpp
[7.494s] -- Installing: /home/uli/Desktop/tec/personal/intel_sense/ros2wrapper/install/realsense2_camera_msgs/include/realsense2_camera_msgs/realsense2_camera_msgs/msg/detail/rgbd__builder.hpp
[7.494s] -- Installing: /home/uli/Desktop/tec/personal/intel_sense/ros2wrapper/install/realsense2_camera_msgs/include/realsense2_camera_msgs/realsense2_camera_msgs/msg/detail/imu_info__struct.hpp
[7.494s] -- Installing: /home/uli/Desktop/tec/personal/intel_sense/ros2wrapper/install/realsense2_camera_msgs/include/realsense2_camera_msgs/realsense2_camera_msgs/msg/detail/imu_info__builder.hpp
[7.494s] -- Installing: /home/uli/Desktop/tec/personal/intel_sense/ros2wrapper/install/realsense2_camera_msgs/include/realsense2_camera_msgs/realsense2_camera_msgs/msg/detail/extrinsics__builder.hpp
[7.494s] -- Installing: /home/uli/Desktop/tec/personal/intel_sense/ros2wrapper/install/realsense2_camera_msgs/include/realsense2_camera_msgs/realsense2_camera_msgs/msg/detail/extrinsics__traits.hpp
[7.494s] -- Installing: /home/uli/Desktop/tec/personal/intel_sense/ros2wrapper/install/realsense2_camera_msgs/include/realsense2_camera_msgs/realsense2_camera_msgs/msg/metadata.hpp
[7.494s] -- Installing: /home/uli/Desktop/tec/personal/intel_sense/ros2wrapper/install/realsense2_camera_msgs/include/realsense2_camera_msgs/realsense2_camera_msgs/msg/rgbd.hpp
[7.494s] -- Installing: /home/uli/Desktop/tec/personal/intel_sense/ros2wrapper/install/realsense2_camera_msgs/include/realsense2_camera_msgs/realsense2_camera_msgs/msg/rosidl_generator_cpp__visibility_control.hpp
[7.494s] -- Installing: /home/uli/Desktop/tec/personal/intel_sense/ros2wrapper/install/realsense2_camera_msgs/include/realsense2_camera_msgs/realsense2_camera_msgs/msg/imu_info.hpp
[7.494s] -- Up-to-date: /home/uli/Desktop/tec/personal/intel_sense/ros2wrapper/install/realsense2_camera_msgs/include/realsense2_camera_msgs/realsense2_camera_msgs/srv
[7.494s] -- Installing: /home/uli/Desktop/tec/personal/intel_sense/ros2wrapper/install/realsense2_camera_msgs/include/realsense2_camera_msgs/realsense2_camera_msgs/srv/device_info.hpp
[7.495s] -- Up-to-date: /home/uli/Desktop/tec/personal/intel_sense/ros2wrapper/install/realsense2_camera_msgs/include/realsense2_camera_msgs/realsense2_camera_msgs/srv/detail
[7.495s] -- Installing: /home/uli/Desktop/tec/personal/intel_sense/ros2wrapper/install/realsense2_camera_msgs/include/realsense2_camera_msgs/realsense2_camera_msgs/srv/detail/device_info__traits.hpp
[7.495s] -- Installing: /home/uli/Desktop/tec/personal/intel_sense/ros2wrapper/install/realsense2_camera_msgs/include/realsense2_camera_msgs/realsense2_camera_msgs/srv/detail/device_info__type_support.hpp
[7.495s] -- Installing: /home/uli/Desktop/tec/personal/intel_sense/ros2wrapper/install/realsense2_camera_msgs/include/realsense2_camera_msgs/realsense2_camera_msgs/srv/detail/device_info__struct.hpp
[7.495s] -- Installing: /home/uli/Desktop/tec/personal/intel_sense/ros2wrapper/install/realsense2_camera_msgs/include/realsense2_camera_msgs/realsense2_camera_msgs/srv/detail/device_info__builder.hpp
[7.495s] -- Up-to-date: /home/uli/Desktop/tec/personal/intel_sense/ros2wrapper/install/realsense2_camera_msgs/include/realsense2_camera_msgs/realsense2_camera_msgs
[7.495s] -- Up-to-date: /home/uli/Desktop/tec/personal/intel_sense/ros2wrapper/install/realsense2_camera_msgs/include/realsense2_camera_msgs/realsense2_camera_msgs/msg
[7.495s] -- Up-to-date: /home/uli/Desktop/tec/personal/intel_sense/ros2wrapper/install/realsense2_camera_msgs/include/realsense2_camera_msgs/realsense2_camera_msgs/msg/detail
[7.495s] -- Installing: /home/uli/Desktop/tec/personal/intel_sense/ros2wrapper/install/realsense2_camera_msgs/include/realsense2_camera_msgs/realsense2_camera_msgs/msg/detail/metadata__rosidl_typesupport_fastrtps_cpp.hpp
[7.495s] -- Installing: /home/uli/Desktop/tec/personal/intel_sense/ros2wrapper/install/realsense2_camera_msgs/include/realsense2_camera_msgs/realsense2_camera_msgs/msg/detail/imu_info__rosidl_typesupport_fastrtps_cpp.hpp
[7.495s] -- Installing: /home/uli/Desktop/tec/personal/intel_sense/ros2wrapper/install/realsense2_camera_msgs/include/realsense2_camera_msgs/realsense2_camera_msgs/msg/detail/dds_fastrtps
[7.496s] -- Installing: /home/uli/Desktop/tec/personal/intel_sense/ros2wrapper/install/realsense2_camera_msgs/include/realsense2_camera_msgs/realsense2_camera_msgs/msg/detail/extrinsics__rosidl_typesupport_fastrtps_cpp.hpp
[7.496s] -- Installing: /home/uli/Desktop/tec/personal/intel_sense/ros2wrapper/install/realsense2_camera_msgs/include/realsense2_camera_msgs/realsense2_camera_msgs/msg/detail/rgbd__rosidl_typesupport_fastrtps_cpp.hpp
[7.496s] -- Installing: /home/uli/Desktop/tec/personal/intel_sense/ros2wrapper/install/realsense2_camera_msgs/include/realsense2_camera_msgs/realsense2_camera_msgs/msg/rosidl_typesupport_fastrtps_cpp__visibility_control.h
[7.496s] -- Up-to-date: /home/uli/Desktop/tec/personal/intel_sense/ros2wrapper/install/realsense2_camera_msgs/include/realsense2_camera_msgs/realsense2_camera_msgs/srv
[7.496s] -- Up-to-date: /home/uli/Desktop/tec/personal/intel_sense/ros2wrapper/install/realsense2_camera_msgs/include/realsense2_camera_msgs/realsense2_camera_msgs/srv/detail
[7.496s] -- Installing: /home/uli/Desktop/tec/personal/intel_sense/ros2wrapper/install/realsense2_camera_msgs/include/realsense2_camera_msgs/realsense2_camera_msgs/srv/detail/device_info__rosidl_typesupport_fastrtps_cpp.hpp
[7.496s] -- Installing: /home/uli/Desktop/tec/personal/intel_sense/ros2wrapper/install/realsense2_camera_msgs/include/realsense2_camera_msgs/realsense2_camera_msgs/srv/detail/dds_fastrtps
[7.496s] -- Installing: /home/uli/Desktop/tec/personal/intel_sense/ros2wrapper/install/realsense2_camera_msgs/lib/librealsense2_camera_msgs__rosidl_typesupport_fastrtps_cpp.so
[7.497s] -- Set non-toolchain portion of runtime path of "/home/uli/Desktop/tec/personal/intel_sense/ros2wrapper/install/realsense2_camera_msgs/lib/librealsense2_camera_msgs__rosidl_typesupport_fastrtps_cpp.so" to ""
[7.497s] -- Up-to-date: /home/uli/Desktop/tec/personal/intel_sense/ros2wrapper/install/realsense2_camera_msgs/include/realsense2_camera_msgs/realsense2_camera_msgs
[7.497s] -- Up-to-date: /home/uli/Desktop/tec/personal/intel_sense/ros2wrapper/install/realsense2_camera_msgs/include/realsense2_camera_msgs/realsense2_camera_msgs/msg
[7.497s] -- Up-to-date: /home/uli/Desktop/tec/personal/intel_sense/ros2wrapper/install/realsense2_camera_msgs/include/realsense2_camera_msgs/realsense2_camera_msgs/msg/detail
[7.497s] -- Installing: /home/uli/Desktop/tec/personal/intel_sense/ros2wrapper/install/realsense2_camera_msgs/include/realsense2_camera_msgs/realsense2_camera_msgs/msg/detail/extrinsics__rosidl_typesupport_introspection_cpp.hpp
[7.497s] -- Installing: /home/uli/Desktop/tec/personal/intel_sense/ros2wrapper/install/realsense2_camera_msgs/include/realsense2_camera_msgs/realsense2_camera_msgs/msg/detail/extrinsics__type_support.cpp
[7.497s] -- Installing: /home/uli/Desktop/tec/personal/intel_sense/ros2wrapper/install/realsense2_camera_msgs/include/realsense2_camera_msgs/realsense2_camera_msgs/msg/detail/rgbd__rosidl_typesupport_introspection_cpp.hpp
[7.497s] -- Installing: /home/uli/Desktop/tec/personal/intel_sense/ros2wrapper/install/realsense2_camera_msgs/include/realsense2_camera_msgs/realsense2_camera_msgs/msg/detail/metadata__rosidl_typesupport_introspection_cpp.hpp
[7.497s] -- Installing: /home/uli/Desktop/tec/personal/intel_sense/ros2wrapper/install/realsense2_camera_msgs/include/realsense2_camera_msgs/realsense2_camera_msgs/msg/detail/rgbd__type_support.cpp
[7.497s] -- Installing: /home/uli/Desktop/tec/personal/intel_sense/ros2wrapper/install/realsense2_camera_msgs/include/realsense2_camera_msgs/realsense2_camera_msgs/msg/detail/metadata__type_support.cpp
[7.497s] -- Installing: /home/uli/Desktop/tec/personal/intel_sense/ros2wrapper/install/realsense2_camera_msgs/include/realsense2_camera_msgs/realsense2_camera_msgs/msg/detail/imu_info__rosidl_typesupport_introspection_cpp.hpp
[7.497s] -- Installing: /home/uli/Desktop/tec/personal/intel_sense/ros2wrapper/install/realsense2_camera_msgs/include/realsense2_camera_msgs/realsense2_camera_msgs/msg/detail/imu_info__type_support.cpp
[7.497s] -- Up-to-date: /home/uli/Desktop/tec/personal/intel_sense/ros2wrapper/install/realsense2_camera_msgs/include/realsense2_camera_msgs/realsense2_camera_msgs/srv
[7.497s] -- Up-to-date: /home/uli/Desktop/tec/personal/intel_sense/ros2wrapper/install/realsense2_camera_msgs/include/realsense2_camera_msgs/realsense2_camera_msgs/srv/detail
[7.497s] -- Installing: /home/uli/Desktop/tec/personal/intel_sense/ros2wrapper/install/realsense2_camera_msgs/include/realsense2_camera_msgs/realsense2_camera_msgs/srv/detail/device_info__rosidl_typesupport_introspection_cpp.hpp
[7.497s] -- Installing: /home/uli/Desktop/tec/personal/intel_sense/ros2wrapper/install/realsense2_camera_msgs/include/realsense2_camera_msgs/realsense2_camera_msgs/srv/detail/device_info__type_support.cpp
[7.498s] -- Installing: /home/uli/Desktop/tec/personal/intel_sense/ros2wrapper/install/realsense2_camera_msgs/lib/librealsense2_camera_msgs__rosidl_typesupport_introspection_cpp.so
[7.498s] -- Set non-toolchain portion of runtime path of "/home/uli/Desktop/tec/personal/intel_sense/ros2wrapper/install/realsense2_camera_msgs/lib/librealsense2_camera_msgs__rosidl_typesupport_introspection_cpp.so" to ""
[7.498s] -- Installing: /home/uli/Desktop/tec/personal/intel_sense/ros2wrapper/install/realsense2_camera_msgs/lib/librealsense2_camera_msgs__rosidl_typesupport_cpp.so
[7.498s] -- Set non-toolchain portion of runtime path of "/home/uli/Desktop/tec/personal/intel_sense/ros2wrapper/install/realsense2_camera_msgs/lib/librealsense2_camera_msgs__rosidl_typesupport_cpp.so" to ""
[7.498s] -- Installing: /home/uli/Desktop/tec/personal/intel_sense/ros2wrapper/install/realsense2_camera_msgs/share/realsense2_camera_msgs/environment/pythonpath.sh
[7.498s] -- Installing: /home/uli/Desktop/tec/personal/intel_sense/ros2wrapper/install/realsense2_camera_msgs/share/realsense2_camera_msgs/environment/pythonpath.dsv
[7.498s] -- Installing: /home/uli/Desktop/tec/personal/intel_sense/ros2wrapper/install/realsense2_camera_msgs/local/lib/python3.10/dist-packages/realsense2_camera_msgs-4.55.1-py3.10.egg-info
[7.498s] -- Installing: /home/uli/Desktop/tec/personal/intel_sense/ros2wrapper/install/realsense2_camera_msgs/local/lib/python3.10/dist-packages/realsense2_camera_msgs-4.55.1-py3.10.egg-info/PKG-INFO
[7.498s] -- Installing: /home/uli/Desktop/tec/personal/intel_sense/ros2wrapper/install/realsense2_camera_msgs/local/lib/python3.10/dist-packages/realsense2_camera_msgs-4.55.1-py3.10.egg-info/top_level.txt
[7.499s] -- Installing: /home/uli/Desktop/tec/personal/intel_sense/ros2wrapper/install/realsense2_camera_msgs/local/lib/python3.10/dist-packages/realsense2_camera_msgs-4.55.1-py3.10.egg-info/SOURCES.txt
[7.499s] -- Installing: /home/uli/Desktop/tec/personal/intel_sense/ros2wrapper/install/realsense2_camera_msgs/local/lib/python3.10/dist-packages/realsense2_camera_msgs-4.55.1-py3.10.egg-info/dependency_links.txt
[7.499s] -- Installing: /home/uli/Desktop/tec/personal/intel_sense/ros2wrapper/install/realsense2_camera_msgs/local/lib/python3.10/dist-packages/realsense2_camera_msgs
[7.499s] -- Installing: /home/uli/Desktop/tec/personal/intel_sense/ros2wrapper/install/realsense2_camera_msgs/local/lib/python3.10/dist-packages/realsense2_camera_msgs/msg
[7.499s] -- Installing: /home/uli/Desktop/tec/personal/intel_sense/ros2wrapper/install/realsense2_camera_msgs/local/lib/python3.10/dist-packages/realsense2_camera_msgs/msg/_metadata.py
[7.499s] -- Installing: /home/uli/Desktop/tec/personal/intel_sense/ros2wrapper/install/realsense2_camera_msgs/local/lib/python3.10/dist-packages/realsense2_camera_msgs/msg/__init__.py
[7.499s] -- Installing: /home/uli/Desktop/tec/personal/intel_sense/ros2wrapper/install/realsense2_camera_msgs/local/lib/python3.10/dist-packages/realsense2_camera_msgs/msg/_extrinsics_s.c
[7.499s] -- Installing: /home/uli/Desktop/tec/personal/intel_sense/ros2wrapper/install/realsense2_camera_msgs/local/lib/python3.10/dist-packages/realsense2_camera_msgs/msg/_extrinsics.py
[7.499s] -- Installing: /home/uli/Desktop/tec/personal/intel_sense/ros2wrapper/install/realsense2_camera_msgs/local/lib/python3.10/dist-packages/realsense2_camera_msgs/msg/_rgbd_s.c
[7.499s] -- Installing: /home/uli/Desktop/tec/personal/intel_sense/ros2wrapper/install/realsense2_camera_msgs/local/lib/python3.10/dist-packages/realsense2_camera_msgs/msg/_imu_info_s.c
[7.499s] -- Installing: /home/uli/Desktop/tec/personal/intel_sense/ros2wrapper/install/realsense2_camera_msgs/local/lib/python3.10/dist-packages/realsense2_camera_msgs/msg/_rgbd.py
[7.499s] -- Installing: /home/uli/Desktop/tec/personal/intel_sense/ros2wrapper/install/realsense2_camera_msgs/local/lib/python3.10/dist-packages/realsense2_camera_msgs/msg/_imu_info.py
[7.499s] -- Installing: /home/uli/Desktop/tec/personal/intel_sense/ros2wrapper/install/realsense2_camera_msgs/local/lib/python3.10/dist-packages/realsense2_camera_msgs/msg/_metadata_s.c
[7.499s] -- Installing: /home/uli/Desktop/tec/personal/intel_sense/ros2wrapper/install/realsense2_camera_msgs/local/lib/python3.10/dist-packages/realsense2_camera_msgs/srv
[7.500s] -- Installing: /home/uli/Desktop/tec/personal/intel_sense/ros2wrapper/install/realsense2_camera_msgs/local/lib/python3.10/dist-packages/realsense2_camera_msgs/srv/__init__.py
[7.500s] -- Installing: /home/uli/Desktop/tec/personal/intel_sense/ros2wrapper/install/realsense2_camera_msgs/local/lib/python3.10/dist-packages/realsense2_camera_msgs/srv/_device_info.py
[7.500s] -- Installing: /home/uli/Desktop/tec/personal/intel_sense/ros2wrapper/install/realsense2_camera_msgs/local/lib/python3.10/dist-packages/realsense2_camera_msgs/srv/_device_info_s.c
[7.500s] -- Installing: /home/uli/Desktop/tec/personal/intel_sense/ros2wrapper/install/realsense2_camera_msgs/local/lib/python3.10/dist-packages/realsense2_camera_msgs/__init__.py
[7.500s] -- Installing: /home/uli/Desktop/tec/personal/intel_sense/ros2wrapper/install/realsense2_camera_msgs/local/lib/python3.10/dist-packages/realsense2_camera_msgs/_realsense2_camera_msgs_s.ep.rosidl_typesupport_fastrtps_c.c
[7.500s] -- Installing: /home/uli/Desktop/tec/personal/intel_sense/ros2wrapper/install/realsense2_camera_msgs/local/lib/python3.10/dist-packages/realsense2_camera_msgs/librealsense2_camera_msgs__rosidl_generator_py.so
[7.500s] -- Installing: /home/uli/Desktop/tec/personal/intel_sense/ros2wrapper/install/realsense2_camera_msgs/local/lib/python3.10/dist-packages/realsense2_camera_msgs/realsense2_camera_msgs_s__rosidl_typesupport_fastrtps_c.cpython-310-x86_64-linux-gnu.so
[7.500s] -- Installing: /home/uli/Desktop/tec/personal/intel_sense/ros2wrapper/install/realsense2_camera_msgs/local/lib/python3.10/dist-packages/realsense2_camera_msgs/_realsense2_camera_msgs_s.ep.rosidl_typesupport_introspection_c.c
[7.500s] -- Installing: /home/uli/Desktop/tec/personal/intel_sense/ros2wrapper/install/realsense2_camera_msgs/local/lib/python3.10/dist-packages/realsense2_camera_msgs/_realsense2_camera_msgs_s.ep.rosidl_typesupport_c.c
[7.500s] -- Installing: /home/uli/Desktop/tec/personal/intel_sense/ros2wrapper/install/realsense2_camera_msgs/local/lib/python3.10/dist-packages/realsense2_camera_msgs/realsense2_camera_msgs_s__rosidl_typesupport_introspection_c.cpython-310-x86_64-linux-gnu.so
[7.501s] -- Installing: /home/uli/Desktop/tec/personal/intel_sense/ros2wrapper/install/realsense2_camera_msgs/local/lib/python3.10/dist-packages/realsense2_camera_msgs/realsense2_camera_msgs_s__rosidl_typesupport_c.cpython-310-x86_64-linux-gnu.so
[7.541s] Listing '/home/uli/Desktop/tec/personal/intel_sense/ros2wrapper/install/realsense2_camera_msgs/local/lib/python3.10/dist-packages/realsense2_camera_msgs'...
[7.541s] Compiling '/home/uli/Desktop/tec/personal/intel_sense/ros2wrapper/install/realsense2_camera_msgs/local/lib/python3.10/dist-packages/realsense2_camera_msgs/__init__.py'...
[7.541s] Listing '/home/uli/Desktop/tec/personal/intel_sense/ros2wrapper/install/realsense2_camera_msgs/local/lib/python3.10/dist-packages/realsense2_camera_msgs/msg'...
[7.541s] Compiling '/home/uli/Desktop/tec/personal/intel_sense/ros2wrapper/install/realsense2_camera_msgs/local/lib/python3.10/dist-packages/realsense2_camera_msgs/msg/__init__.py'...
[7.541s] Compiling '/home/uli/Desktop/tec/personal/intel_sense/ros2wrapper/install/realsense2_camera_msgs/local/lib/python3.10/dist-packages/realsense2_camera_msgs/msg/_extrinsics.py'...
[7.541s] Compiling '/home/uli/Desktop/tec/personal/intel_sense/ros2wrapper/install/realsense2_camera_msgs/local/lib/python3.10/dist-packages/realsense2_camera_msgs/msg/_imu_info.py'...
[7.541s] Compiling '/home/uli/Desktop/tec/personal/intel_sense/ros2wrapper/install/realsense2_camera_msgs/local/lib/python3.10/dist-packages/realsense2_camera_msgs/msg/_metadata.py'...
[7.541s] Compiling '/home/uli/Desktop/tec/personal/intel_sense/ros2wrapper/install/realsense2_camera_msgs/local/lib/python3.10/dist-packages/realsense2_camera_msgs/msg/_rgbd.py'...
[7.541s] Listing '/home/uli/Desktop/tec/personal/intel_sense/ros2wrapper/install/realsense2_camera_msgs/local/lib/python3.10/dist-packages/realsense2_camera_msgs/srv'...
[7.541s] Compiling '/home/uli/Desktop/tec/personal/intel_sense/ros2wrapper/install/realsense2_camera_msgs/local/lib/python3.10/dist-packages/realsense2_camera_msgs/srv/__init__.py'...
[7.541s] Compiling '/home/uli/Desktop/tec/personal/intel_sense/ros2wrapper/install/realsense2_camera_msgs/local/lib/python3.10/dist-packages/realsense2_camera_msgs/srv/_device_info.py'...
[7.545s] -- Installing: /home/uli/Desktop/tec/personal/intel_sense/ros2wrapper/install/realsense2_camera_msgs/local/lib/python3.10/dist-packages/realsense2_camera_msgs/realsense2_camera_msgs_s__rosidl_typesupport_fastrtps_c.cpython-310-x86_64-linux-gnu.so
[7.545s] -- Set non-toolchain portion of runtime path of "/home/uli/Desktop/tec/personal/intel_sense/ros2wrapper/install/realsense2_camera_msgs/local/lib/python3.10/dist-packages/realsense2_camera_msgs/realsense2_camera_msgs_s__rosidl_typesupport_fastrtps_c.cpython-310-x86_64-linux-gnu.so" to ""
[7.546s] -- Installing: /home/uli/Desktop/tec/personal/intel_sense/ros2wrapper/install/realsense2_camera_msgs/local/lib/python3.10/dist-packages/realsense2_camera_msgs/realsense2_camera_msgs_s__rosidl_typesupport_introspection_c.cpython-310-x86_64-linux-gnu.so
[7.546s] -- Set non-toolchain portion of runtime path of "/home/uli/Desktop/tec/personal/intel_sense/ros2wrapper/install/realsense2_camera_msgs/local/lib/python3.10/dist-packages/realsense2_camera_msgs/realsense2_camera_msgs_s__rosidl_typesupport_introspection_c.cpython-310-x86_64-linux-gnu.so" to ""
[7.546s] -- Installing: /home/uli/Desktop/tec/personal/intel_sense/ros2wrapper/install/realsense2_camera_msgs/local/lib/python3.10/dist-packages/realsense2_camera_msgs/realsense2_camera_msgs_s__rosidl_typesupport_c.cpython-310-x86_64-linux-gnu.so
[7.547s] -- Set non-toolchain portion of runtime path of "/home/uli/Desktop/tec/personal/intel_sense/ros2wrapper/install/realsense2_camera_msgs/local/lib/python3.10/dist-packages/realsense2_camera_msgs/realsense2_camera_msgs_s__rosidl_typesupport_c.cpython-310-x86_64-linux-gnu.so" to ""
[7.547s] -- Installing: /home/uli/Desktop/tec/personal/intel_sense/ros2wrapper/install/realsense2_camera_msgs/lib/librealsense2_camera_msgs__rosidl_generator_py.so
[7.547s] -- Set non-toolchain portion of runtime path of "/home/uli/Desktop/tec/personal/intel_sense/ros2wrapper/install/realsense2_camera_msgs/lib/librealsense2_camera_msgs__rosidl_generator_py.so" to ""
[7.547s] -- Installing: /home/uli/Desktop/tec/personal/intel_sense/ros2wrapper/install/realsense2_camera_msgs/share/realsense2_camera_msgs/msg/IMUInfo.idl
[7.547s] -- Installing: /home/uli/Desktop/tec/personal/intel_sense/ros2wrapper/install/realsense2_camera_msgs/share/realsense2_camera_msgs/msg/Extrinsics.idl
[7.548s] -- Installing: /home/uli/Desktop/tec/personal/intel_sense/ros2wrapper/install/realsense2_camera_msgs/share/realsense2_camera_msgs/msg/Metadata.idl
[7.548s] -- Installing: /home/uli/Desktop/tec/personal/intel_sense/ros2wrapper/install/realsense2_camera_msgs/share/realsense2_camera_msgs/msg/RGBD.idl
[7.548s] -- Installing: /home/uli/Desktop/tec/personal/intel_sense/ros2wrapper/install/realsense2_camera_msgs/share/realsense2_camera_msgs/srv/DeviceInfo.idl
[7.548s] -- Installing: /home/uli/Desktop/tec/personal/intel_sense/ros2wrapper/install/realsense2_camera_msgs/share/realsense2_camera_msgs/msg/IMUInfo.msg
[7.548s] -- Installing: /home/uli/Desktop/tec/personal/intel_sense/ros2wrapper/install/realsense2_camera_msgs/share/realsense2_camera_msgs/msg/Extrinsics.msg
[7.548s] -- Installing: /home/uli/Desktop/tec/personal/intel_sense/ros2wrapper/install/realsense2_camera_msgs/share/realsense2_camera_msgs/msg/Metadata.msg
[7.548s] -- Installing: /home/uli/Desktop/tec/personal/intel_sense/ros2wrapper/install/realsense2_camera_msgs/share/realsense2_camera_msgs/msg/RGBD.msg
[7.548s] -- Installing: /home/uli/Desktop/tec/personal/intel_sense/ros2wrapper/install/realsense2_camera_msgs/share/realsense2_camera_msgs/srv/DeviceInfo.srv
[7.548s] -- Installing: /home/uli/Desktop/tec/personal/intel_sense/ros2wrapper/install/realsense2_camera_msgs/share/realsense2_camera_msgs/srv/DeviceInfo_Request.msg
[7.549s] -- Installing: /home/uli/Desktop/tec/personal/intel_sense/ros2wrapper/install/realsense2_camera_msgs/share/realsense2_camera_msgs/srv/DeviceInfo_Response.msg
[7.549s] -- Installing: /home/uli/Desktop/tec/personal/intel_sense/ros2wrapper/install/realsense2_camera_msgs/share/ament_index/resource_index/package_run_dependencies/realsense2_camera_msgs
[7.549s] -- Installing: /home/uli/Desktop/tec/personal/intel_sense/ros2wrapper/install/realsense2_camera_msgs/share/ament_index/resource_index/parent_prefix_path/realsense2_camera_msgs
[7.549s] -- Installing: /home/uli/Desktop/tec/personal/intel_sense/ros2wrapper/install/realsense2_camera_msgs/share/realsense2_camera_msgs/environment/ament_prefix_path.sh
[7.549s] -- Installing: /home/uli/Desktop/tec/personal/intel_sense/ros2wrapper/install/realsense2_camera_msgs/share/realsense2_camera_msgs/environment/ament_prefix_path.dsv
[7.549s] -- Installing: /home/uli/Desktop/tec/personal/intel_sense/ros2wrapper/install/realsense2_camera_msgs/share/realsense2_camera_msgs/environment/path.sh
[7.549s] -- Installing: /home/uli/Desktop/tec/personal/intel_sense/ros2wrapper/install/realsense2_camera_msgs/share/realsense2_camera_msgs/environment/path.dsv
[7.549s] -- Installing: /home/uli/Desktop/tec/personal/intel_sense/ros2wrapper/install/realsense2_camera_msgs/share/realsense2_camera_msgs/local_setup.bash
[7.549s] -- Installing: /home/uli/Desktop/tec/personal/intel_sense/ros2wrapper/install/realsense2_camera_msgs/share/realsense2_camera_msgs/local_setup.sh
[7.549s] -- Installing: /home/uli/Desktop/tec/personal/intel_sense/ros2wrapper/install/realsense2_camera_msgs/share/realsense2_camera_msgs/local_setup.zsh
[7.550s] -- Installing: /home/uli/Desktop/tec/personal/intel_sense/ros2wrapper/install/realsense2_camera_msgs/share/realsense2_camera_msgs/local_setup.dsv
[7.550s] -- Installing: /home/uli/Desktop/tec/personal/intel_sense/ros2wrapper/install/realsense2_camera_msgs/share/realsense2_camera_msgs/package.dsv
[7.550s] -- Installing: /home/uli/Desktop/tec/personal/intel_sense/ros2wrapper/install/realsense2_camera_msgs/share/ament_index/resource_index/packages/realsense2_camera_msgs
[7.550s] -- Installing: /home/uli/Desktop/tec/personal/intel_sense/ros2wrapper/install/realsense2_camera_msgs/share/realsense2_camera_msgs/cmake/export_realsense2_camera_msgs__rosidl_generator_cExport.cmake
[7.550s] -- Installing: /home/uli/Desktop/tec/personal/intel_sense/ros2wrapper/install/realsense2_camera_msgs/share/realsense2_camera_msgs/cmake/export_realsense2_camera_msgs__rosidl_generator_cExport-noconfig.cmake
[7.550s] -- Installing: /home/uli/Desktop/tec/personal/intel_sense/ros2wrapper/install/realsense2_camera_msgs/share/realsense2_camera_msgs/cmake/export_realsense2_camera_msgs__rosidl_typesupport_fastrtps_cExport.cmake
[7.550s] -- Installing: /home/uli/Desktop/tec/personal/intel_sense/ros2wrapper/install/realsense2_camera_msgs/share/realsense2_camera_msgs/cmake/export_realsense2_camera_msgs__rosidl_typesupport_fastrtps_cExport-noconfig.cmake
[7.550s] -- Installing: /home/uli/Desktop/tec/personal/intel_sense/ros2wrapper/install/realsense2_camera_msgs/share/realsense2_camera_msgs/cmake/realsense2_camera_msgs__rosidl_typesupport_introspection_cExport.cmake
[7.551s] -- Installing: /home/uli/Desktop/tec/personal/intel_sense/ros2wrapper/install/realsense2_camera_msgs/share/realsense2_camera_msgs/cmake/realsense2_camera_msgs__rosidl_typesupport_introspection_cExport-noconfig.cmake
[7.551s] -- Installing: /home/uli/Desktop/tec/personal/intel_sense/ros2wrapper/install/realsense2_camera_msgs/share/realsense2_camera_msgs/cmake/realsense2_camera_msgs__rosidl_typesupport_cExport.cmake
[7.551s] -- Installing: /home/uli/Desktop/tec/personal/intel_sense/ros2wrapper/install/realsense2_camera_msgs/share/realsense2_camera_msgs/cmake/realsense2_camera_msgs__rosidl_typesupport_cExport-noconfig.cmake
[7.551s] -- Installing: /home/uli/Desktop/tec/personal/intel_sense/ros2wrapper/install/realsense2_camera_msgs/share/realsense2_camera_msgs/cmake/export_realsense2_camera_msgs__rosidl_generator_cppExport.cmake
[7.551s] -- Installing: /home/uli/Desktop/tec/personal/intel_sense/ros2wrapper/install/realsense2_camera_msgs/share/realsense2_camera_msgs/cmake/export_realsense2_camera_msgs__rosidl_typesupport_fastrtps_cppExport.cmake
[7.551s] -- Installing: /home/uli/Desktop/tec/personal/intel_sense/ros2wrapper/install/realsense2_camera_msgs/share/realsense2_camera_msgs/cmake/export_realsense2_camera_msgs__rosidl_typesupport_fastrtps_cppExport-noconfig.cmake
[7.551s] -- Installing: /home/uli/Desktop/tec/personal/intel_sense/ros2wrapper/install/realsense2_camera_msgs/share/realsense2_camera_msgs/cmake/realsense2_camera_msgs__rosidl_typesupport_introspection_cppExport.cmake
[7.551s] -- Installing: /home/uli/Desktop/tec/personal/intel_sense/ros2wrapper/install/realsense2_camera_msgs/share/realsense2_camera_msgs/cmake/realsense2_camera_msgs__rosidl_typesupport_introspection_cppExport-noconfig.cmake
[7.551s] -- Installing: /home/uli/Desktop/tec/personal/intel_sense/ros2wrapper/install/realsense2_camera_msgs/share/realsense2_camera_msgs/cmake/realsense2_camera_msgs__rosidl_typesupport_cppExport.cmake
[7.551s] -- Installing: /home/uli/Desktop/tec/personal/intel_sense/ros2wrapper/install/realsense2_camera_msgs/share/realsense2_camera_msgs/cmake/realsense2_camera_msgs__rosidl_typesupport_cppExport-noconfig.cmake
[7.552s] -- Installing: /home/uli/Desktop/tec/personal/intel_sense/ros2wrapper/install/realsense2_camera_msgs/share/realsense2_camera_msgs/cmake/export_realsense2_camera_msgs__rosidl_generator_pyExport.cmake
[7.552s] -- Installing: /home/uli/Desktop/tec/personal/intel_sense/ros2wrapper/install/realsense2_camera_msgs/share/realsense2_camera_msgs/cmake/export_realsense2_camera_msgs__rosidl_generator_pyExport-noconfig.cmake
[7.552s] -- Installing: /home/uli/Desktop/tec/personal/intel_sense/ros2wrapper/install/realsense2_camera_msgs/share/realsense2_camera_msgs/cmake/rosidl_cmake-extras.cmake
[7.552s] -- Installing: /home/uli/Desktop/tec/personal/intel_sense/ros2wrapper/install/realsense2_camera_msgs/share/realsense2_camera_msgs/cmake/ament_cmake_export_dependencies-extras.cmake
[7.552s] -- Installing: /home/uli/Desktop/tec/personal/intel_sense/ros2wrapper/install/realsense2_camera_msgs/share/realsense2_camera_msgs/cmake/ament_cmake_export_include_directories-extras.cmake
[7.552s] -- Installing: /home/uli/Desktop/tec/personal/intel_sense/ros2wrapper/install/realsense2_camera_msgs/share/realsense2_camera_msgs/cmake/ament_cmake_export_libraries-extras.cmake
[7.552s] -- Installing: /home/uli/Desktop/tec/personal/intel_sense/ros2wrapper/install/realsense2_camera_msgs/share/realsense2_camera_msgs/cmake/ament_cmake_export_targets-extras.cmake
[7.552s] -- Installing: /home/uli/Desktop/tec/personal/intel_sense/ros2wrapper/install/realsense2_camera_msgs/share/realsense2_camera_msgs/cmake/rosidl_cmake_export_typesupport_targets-extras.cmake
[7.552s] -- Installing: /home/uli/Desktop/tec/personal/intel_sense/ros2wrapper/install/realsense2_camera_msgs/share/realsense2_camera_msgs/cmake/rosidl_cmake_export_typesupport_libraries-extras.cmake
[7.552s] -- Installing: /home/uli/Desktop/tec/personal/intel_sense/ros2wrapper/install/realsense2_camera_msgs/share/realsense2_camera_msgs/cmake/realsense2_camera_msgsConfig.cmake
[7.553s] -- Installing: /home/uli/Desktop/tec/personal/intel_sense/ros2wrapper/install/realsense2_camera_msgs/share/realsense2_camera_msgs/cmake/realsense2_camera_msgsConfig-version.cmake
[7.553s] -- Installing: /home/uli/Desktop/tec/personal/intel_sense/ros2wrapper/install/realsense2_camera_msgs/share/realsense2_camera_msgs/package.xml
[7.566s] Invoked command in '/home/uli/Desktop/tec/personal/intel_sense/ros2wrapper/build/realsense2_camera_msgs' returned '0': CMAKE_PREFIX_PATH=/opt/ros/humble /home/uli/.local/bin/cmake --install /home/uli/Desktop/tec/personal/intel_sense/ros2wrapper/build/realsense2_camera_msgs
