[0.008s] Invoking command in '/home/uli/Desktop/tec/personal/intel_sense/ros2wrapper/build/realsense2_camera': AMENT_PREFIX_PATH=/home/uli/Desktop/tec/personal/intel_sense/ros2wrapper/install/realsense2_camera_msgs:${AMENT_PREFIX_PATH} CMAKE_PREFIX_PATH=/home/uli/Desktop/tec/personal/intel_sense/ros2wrapper/install/realsense2_camera_msgs:/opt/ros/humble LD_LIBRARY_PATH=/home/uli/Desktop/tec/personal/intel_sense/ros2wrapper/install/realsense2_camera_msgs/lib:/usr/lib/x86_64-linux-gnu/gazebo-11/plugins:/opt/ros/humble/opt/rviz_ogre_vendor/lib:/opt/ros/humble/lib/x86_64-linux-gnu:/opt/ros/humble/lib:/usr/local/cuda/lib:/usr/local/lib PYTHONPATH=/home/uli/Desktop/tec/personal/intel_sense/ros2wrapper/install/realsense2_camera_msgs/local/lib/python3.10/dist-packages:${PYTHONPATH} /home/uli/.local/bin/cmake /home/uli/Desktop/tec/personal/intel_sense/ros2wrapper/src/realsense-ros/realsense2_camera -DCMAKE_INSTALL_PREFIX=/home/uli/Desktop/tec/personal/intel_sense/ros2wrapper/install/realsense2_camera
[0.123s] -- The C compiler identification is GNU 11.4.0
[0.174s] -- The CXX compiler identification is GNU 11.4.0
[0.184s] -- Detecting C compiler ABI info
[0.233s] -- Detecting C compiler ABI info - done
[0.249s] -- Check for working C compiler: /usr/bin/cc - skipped
[0.250s] -- Detecting C compile features
[0.250s] -- Detecting C compile features - done
[0.254s] -- Detecting CXX compiler ABI info
[0.313s] -- Detecting CXX compiler ABI info - done
[0.328s] -- Check for working CXX compiler: /usr/bin/c++ - skipped
[0.329s] -- Detecting CXX compile features
[0.329s] -- Detecting CXX compile features - done
[0.330s] -- Create Release Build.
[0.332s] -- Found ament_cmake: 1.3.11 (/opt/ros/humble/share/ament_cmake/cmake)
[0.451s] -- Found Python3: /usr/bin/python3 (found version "3.10.12") found components: Interpreter
[0.538s] -- Found builtin_interfaces: 1.2.1 (/opt/ros/humble/share/builtin_interfaces/cmake)
[0.576s] -- Found rosidl_generator_c: 3.1.6 (/opt/ros/humble/share/rosidl_generator_c/cmake)
[0.581s] -- Found rosidl_adapter: 3.1.6 (/opt/ros/humble/share/rosidl_adapter/cmake)
[0.591s] -- Found rosidl_generator_cpp: 3.1.6 (/opt/ros/humble/share/rosidl_generator_cpp/cmake)
[0.605s] -- Using all available rosidl_typesupport_c: rosidl_typesupport_fastrtps_c;rosidl_typesupport_introspection_c
[0.626s] -- Using all available rosidl_typesupport_cpp: rosidl_typesupport_fastrtps_cpp;rosidl_typesupport_introspection_cpp
[0.645s] -- Found cv_bridge: 3.2.1 (/opt/ros/humble/share/cv_bridge/cmake)
[0.731s] -- Found image_transport: 3.1.10 (/opt/ros/humble/share/image_transport/cmake)
[0.797s] -- Found rmw_implementation_cmake: 6.1.2 (/opt/ros/humble/share/rmw_implementation_cmake/cmake)
[0.801s] -- Found rmw_fastrtps_cpp: 6.2.7 (/opt/ros/humble/share/rmw_fastrtps_cpp/cmake)
[0.902s] -- Found OpenSSL: /usr/lib/x86_64-linux-gnu/libcrypto.so (found version "3.0.2")
[0.932s] -- Found FastRTPS: /opt/ros/humble/include
[0.975s] -- Using RMW implementation 'rmw_fastrtps_cpp' as default
[0.990s] -- Performing Test CMAKE_HAVE_LIBC_PTHREAD
[1.046s] -- Performing Test CMAKE_HAVE_LIBC_PTHREAD - Success
[1.048s] -- Found Threads: TRUE
[1.152s] -- Found rclcpp_components: 16.0.11 (/opt/ros/humble/share/rclcpp_components/cmake)
[1.183s] -- Found realsense2_camera_msgs: 4.55.1 (/home/uli/Desktop/tec/personal/intel_sense/ros2wrapper/install/realsense2_camera_msgs/share/realsense2_camera_msgs/cmake)
[1.213s] -- Found nav_msgs: 4.2.4 (/opt/ros/humble/share/nav_msgs/cmake)
[1.243s] -- Found tf2_ros: 0.25.9 (/opt/ros/humble/share/tf2_ros/cmake)
[1.363s] -- Found diagnostic_updater: 4.0.0 (/opt/ros/humble/share/diagnostic_updater/cmake)
[1.399s] -- Found OpenCV: /usr/local (found version "4.10.0") found components: core
[1.400s] -- Build for ROS2 Humble
[1.407s] -- Found ament_cmake_gtest: 1.3.11 (/opt/ros/humble/share/ament_cmake_gtest/cmake)
[1.410s] -- Found gtest sources under '/opt/ros/humble/src/gtest_vendor': C++ tests using 'Google Test' will be built
[1.416s] -- Found ament_cmake_pytest: 1.3.11 (/opt/ros/humble/share/ament_cmake_pytest/cmake)
[11.162s] -- rs_device_info:
[11.162s] -- No device detected. Is it plugged in?
[11.162s] 
[11.258s] -- Configuring done (11.2s)
[11.304s] -- Generating done (0.0s)
[11.312s] -- Build files have been written to: /home/uli/Desktop/tec/personal/intel_sense/ros2wrapper/build/realsense2_camera
[11.347s] Invoked command in '/home/uli/Desktop/tec/personal/intel_sense/ros2wrapper/build/realsense2_camera' returned '0': AMENT_PREFIX_PATH=/home/uli/Desktop/tec/personal/intel_sense/ros2wrapper/install/realsense2_camera_msgs:${AMENT_PREFIX_PATH} CMAKE_PREFIX_PATH=/home/uli/Desktop/tec/personal/intel_sense/ros2wrapper/install/realsense2_camera_msgs:/opt/ros/humble LD_LIBRARY_PATH=/home/uli/Desktop/tec/personal/intel_sense/ros2wrapper/install/realsense2_camera_msgs/lib:/usr/lib/x86_64-linux-gnu/gazebo-11/plugins:/opt/ros/humble/opt/rviz_ogre_vendor/lib:/opt/ros/humble/lib/x86_64-linux-gnu:/opt/ros/humble/lib:/usr/local/cuda/lib:/usr/local/lib PYTHONPATH=/home/uli/Desktop/tec/personal/intel_sense/ros2wrapper/install/realsense2_camera_msgs/local/lib/python3.10/dist-packages:${PYTHONPATH} /home/uli/.local/bin/cmake /home/uli/Desktop/tec/personal/intel_sense/ros2wrapper/src/realsense-ros/realsense2_camera -DCMAKE_INSTALL_PREFIX=/home/uli/Desktop/tec/personal/intel_sense/ros2wrapper/install/realsense2_camera
[11.349s] Invoking command in '/home/uli/Desktop/tec/personal/intel_sense/ros2wrapper/build/realsense2_camera': AMENT_PREFIX_PATH=/home/uli/Desktop/tec/personal/intel_sense/ros2wrapper/install/realsense2_camera_msgs:${AMENT_PREFIX_PATH} CMAKE_PREFIX_PATH=/home/uli/Desktop/tec/personal/intel_sense/ros2wrapper/install/realsense2_camera_msgs:/opt/ros/humble LD_LIBRARY_PATH=/home/uli/Desktop/tec/personal/intel_sense/ros2wrapper/install/realsense2_camera_msgs/lib:/usr/lib/x86_64-linux-gnu/gazebo-11/plugins:/opt/ros/humble/opt/rviz_ogre_vendor/lib:/opt/ros/humble/lib/x86_64-linux-gnu:/opt/ros/humble/lib:/usr/local/cuda/lib:/usr/local/lib PYTHONPATH=/home/uli/Desktop/tec/personal/intel_sense/ros2wrapper/install/realsense2_camera_msgs/local/lib/python3.10/dist-packages:${PYTHONPATH} /home/uli/.local/bin/cmake --build /home/uli/Desktop/tec/personal/intel_sense/ros2wrapper/build/realsense2_camera -- -j8 -l8
[11.453s] [  9%] [32mBuilding CXX object gtest/CMakeFiles/gtest_main.dir/src/gtest_main.cc.o[0m
[11.454s] [ 13%] [32mBuilding CXX object gtest/CMakeFiles/gtest.dir/src/gtest-all.cc.o[0m
[11.454s] [  9%] [32mBuilding CXX object CMakeFiles/realsense2_camera_node.dir/rclcpp_components/node_main_realsense2_camera_node.cpp.o[0m
[11.455s] [ 18%] [32mBuilding CXX object CMakeFiles/realsense2_camera.dir/src/realsense_node_factory.cpp.o[0m
[11.457s] [ 22%] [32mBuilding CXX object CMakeFiles/realsense2_camera.dir/src/base_realsense_node.cpp.o[0m
[11.457s] [ 27%] [32mBuilding CXX object CMakeFiles/realsense2_camera.dir/src/parameters.cpp.o[0m
[11.458s] [ 31%] [32mBuilding CXX object CMakeFiles/realsense2_camera.dir/src/rs_node_setup.cpp.o[0m
[11.459s] [ 36%] [32mBuilding CXX object CMakeFiles/realsense2_camera.dir/src/ros_sensor.cpp.o[0m
[12.696s] [ 40%] [32m[1mLinking CXX static library libgtest_main.a[0m
[12.749s] [ 40%] Built target gtest_main
[12.763s] [ 45%] [32mBuilding CXX object CMakeFiles/realsense2_camera.dir/src/ros_utils.cpp.o[0m
[19.251s] [ 50%] [32m[1mLinking CXX executable realsense2_camera_node[0m
[19.590s] [ 50%] Built target realsense2_camera_node
[19.600s] [ 54%] [32mBuilding CXX object CMakeFiles/realsense2_camera.dir/src/dynamic_params.cpp.o[0m
[20.223s] [ 59%] [32mBuilding CXX object CMakeFiles/realsense2_camera.dir/src/sensor_params.cpp.o[0m
[25.433s] [ 63%] [32mBuilding CXX object CMakeFiles/realsense2_camera.dir/src/named_filter.cpp.o[0m
[26.448s] [ 68%] [32m[1mLinking CXX static library libgtest.a[0m
[26.508s] [ 68%] Built target gtest
[26.527s] [ 72%] [32mBuilding CXX object CMakeFiles/realsense2_camera.dir/src/profile_manager.cpp.o[0m
[26.975s] [ 77%] [32mBuilding CXX object CMakeFiles/gtest_template.dir/test/gtest_template.cpp.o[0m
[28.670s] [ 81%] [32m[1mLinking CXX executable gtest_template[0m
[28.866s] [ 81%] Built target gtest_template
[28.871s] [ 86%] [32mBuilding CXX object CMakeFiles/realsense2_camera.dir/src/image_publisher.cpp.o[0m
[30.685s] [ 90%] [32mBuilding CXX object CMakeFiles/realsense2_camera.dir/src/tfs.cpp.o[0m
[31.246s] [ 95%] [32mBuilding CXX object CMakeFiles/realsense2_camera.dir/src/ros_param_backend.cpp.o[0m
[43.014s] [100%] [32m[1mLinking CXX shared library librealsense2_camera.so[0m
[43.489s] [100%] Built target realsense2_camera
[43.509s] Invoked command in '/home/uli/Desktop/tec/personal/intel_sense/ros2wrapper/build/realsense2_camera' returned '0': AMENT_PREFIX_PATH=/home/uli/Desktop/tec/personal/intel_sense/ros2wrapper/install/realsense2_camera_msgs:${AMENT_PREFIX_PATH} CMAKE_PREFIX_PATH=/home/uli/Desktop/tec/personal/intel_sense/ros2wrapper/install/realsense2_camera_msgs:/opt/ros/humble LD_LIBRARY_PATH=/home/uli/Desktop/tec/personal/intel_sense/ros2wrapper/install/realsense2_camera_msgs/lib:/usr/lib/x86_64-linux-gnu/gazebo-11/plugins:/opt/ros/humble/opt/rviz_ogre_vendor/lib:/opt/ros/humble/lib/x86_64-linux-gnu:/opt/ros/humble/lib:/usr/local/cuda/lib:/usr/local/lib PYTHONPATH=/home/uli/Desktop/tec/personal/intel_sense/ros2wrapper/install/realsense2_camera_msgs/local/lib/python3.10/dist-packages:${PYTHONPATH} /home/uli/.local/bin/cmake --build /home/uli/Desktop/tec/personal/intel_sense/ros2wrapper/build/realsense2_camera -- -j8 -l8
[43.511s] Invoking command in '/home/uli/Desktop/tec/personal/intel_sense/ros2wrapper/build/realsense2_camera': AMENT_PREFIX_PATH=/home/uli/Desktop/tec/personal/intel_sense/ros2wrapper/install/realsense2_camera_msgs:${AMENT_PREFIX_PATH} CMAKE_PREFIX_PATH=/home/uli/Desktop/tec/personal/intel_sense/ros2wrapper/install/realsense2_camera_msgs:/opt/ros/humble LD_LIBRARY_PATH=/home/uli/Desktop/tec/personal/intel_sense/ros2wrapper/install/realsense2_camera_msgs/lib:/usr/lib/x86_64-linux-gnu/gazebo-11/plugins:/opt/ros/humble/opt/rviz_ogre_vendor/lib:/opt/ros/humble/lib/x86_64-linux-gnu:/opt/ros/humble/lib:/usr/local/cuda/lib:/usr/local/lib PYTHONPATH=/home/uli/Desktop/tec/personal/intel_sense/ros2wrapper/install/realsense2_camera_msgs/local/lib/python3.10/dist-packages:${PYTHONPATH} /home/uli/.local/bin/cmake --install /home/uli/Desktop/tec/personal/intel_sense/ros2wrapper/build/realsense2_camera
[43.585s] -- Install configuration: "Release"
[43.585s] -- Installing: /home/uli/Desktop/tec/personal/intel_sense/ros2wrapper/install/realsense2_camera/lib/realsense2_camera/realsense2_camera_node
[43.586s] -- Set non-toolchain portion of runtime path of "/home/uli/Desktop/tec/personal/intel_sense/ros2wrapper/install/realsense2_camera/lib/realsense2_camera/realsense2_camera_node" to ""
[43.586s] -- Installing: /home/uli/Desktop/tec/personal/intel_sense/ros2wrapper/install/realsense2_camera/lib/librealsense2_camera.so
[43.588s] -- Set non-toolchain portion of runtime path of "/home/uli/Desktop/tec/personal/intel_sense/ros2wrapper/install/realsense2_camera/lib/librealsense2_camera.so" to ""
[43.588s] -- Installing: /home/uli/Desktop/tec/personal/intel_sense/ros2wrapper/install/realsense2_camera/include
[43.588s] -- Installing: /home/uli/Desktop/tec/personal/intel_sense/ros2wrapper/install/realsense2_camera/include/sensor_params.h
[43.588s] -- Installing: /home/uli/Desktop/tec/personal/intel_sense/ros2wrapper/install/realsense2_camera/include/ros_utils.h
[43.588s] -- Installing: /home/uli/Desktop/tec/personal/intel_sense/ros2wrapper/install/realsense2_camera/include/ros_sensor.h
[43.588s] -- Installing: /home/uli/Desktop/tec/personal/intel_sense/ros2wrapper/install/realsense2_camera/include/profile_manager.h
[43.588s] -- Installing: /home/uli/Desktop/tec/personal/intel_sense/ros2wrapper/install/realsense2_camera/include/dynamic_params.h
[43.588s] -- Installing: /home/uli/Desktop/tec/personal/intel_sense/ros2wrapper/install/realsense2_camera/include/constants.h
[43.589s] -- Installing: /home/uli/Desktop/tec/personal/intel_sense/ros2wrapper/install/realsense2_camera/include/realsense_node_factory.h
[43.589s] -- Installing: /home/uli/Desktop/tec/personal/intel_sense/ros2wrapper/install/realsense2_camera/include/image_publisher.h
[43.589s] -- Installing: /home/uli/Desktop/tec/personal/intel_sense/ros2wrapper/install/realsense2_camera/include/gl_window.h
[43.589s] -- Installing: /home/uli/Desktop/tec/personal/intel_sense/ros2wrapper/install/realsense2_camera/include/base_realsense_node.h
[43.589s] -- Installing: /home/uli/Desktop/tec/personal/intel_sense/ros2wrapper/install/realsense2_camera/include/ros_param_backend.h
[43.589s] -- Installing: /home/uli/Desktop/tec/personal/intel_sense/ros2wrapper/install/realsense2_camera/include/named_filter.h
[43.590s] -- Installing: /home/uli/Desktop/tec/personal/intel_sense/ros2wrapper/install/realsense2_camera/share/realsense2_camera/launch
[43.590s] -- Installing: /home/uli/Desktop/tec/personal/intel_sense/ros2wrapper/install/realsense2_camera/share/realsense2_camera/launch/rs_intra_process_demo_launch.py
[43.590s] -- Installing: /home/uli/Desktop/tec/personal/intel_sense/ros2wrapper/install/realsense2_camera/share/realsense2_camera/launch/rs_launch.py
[43.590s] -- Installing: /home/uli/Desktop/tec/personal/intel_sense/ros2wrapper/install/realsense2_camera/share/realsense2_camera/launch/rs_multi_camera_launch.py
[43.591s] -- Installing: /home/uli/Desktop/tec/personal/intel_sense/ros2wrapper/install/realsense2_camera/share/realsense2_camera/launch/default.rviz
[43.591s] -- Installing: /home/uli/Desktop/tec/personal/intel_sense/ros2wrapper/install/realsense2_camera/share/realsense2_camera/examples
[43.591s] -- Installing: /home/uli/Desktop/tec/personal/intel_sense/ros2wrapper/install/realsense2_camera/share/realsense2_camera/examples/launch_from_rosbag
[43.591s] -- Installing: /home/uli/Desktop/tec/personal/intel_sense/ros2wrapper/install/realsense2_camera/share/realsense2_camera/examples/launch_from_rosbag/README.md
[43.592s] -- Installing: /home/uli/Desktop/tec/personal/intel_sense/ros2wrapper/install/realsense2_camera/share/realsense2_camera/examples/launch_from_rosbag/rs_launch_from_rosbag.py
[43.593s] -- Installing: /home/uli/Desktop/tec/personal/intel_sense/ros2wrapper/install/realsense2_camera/share/realsense2_camera/examples/pointcloud
[43.593s] -- Installing: /home/uli/Desktop/tec/personal/intel_sense/ros2wrapper/install/realsense2_camera/share/realsense2_camera/examples/pointcloud/rs_d405_pointcloud_launch.py
[43.593s] -- Installing: /home/uli/Desktop/tec/personal/intel_sense/ros2wrapper/install/realsense2_camera/share/realsense2_camera/examples/pointcloud/README.md
[43.593s] -- Installing: /home/uli/Desktop/tec/personal/intel_sense/ros2wrapper/install/realsense2_camera/share/realsense2_camera/examples/pointcloud/rs_d455_pointcloud_launch.py
[43.593s] -- Installing: /home/uli/Desktop/tec/personal/intel_sense/ros2wrapper/install/realsense2_camera/share/realsense2_camera/examples/pointcloud/rviz
[43.593s] -- Installing: /home/uli/Desktop/tec/personal/intel_sense/ros2wrapper/install/realsense2_camera/share/realsense2_camera/examples/pointcloud/rviz/urdf_pointcloud.rviz
[43.593s] -- Installing: /home/uli/Desktop/tec/personal/intel_sense/ros2wrapper/install/realsense2_camera/share/realsense2_camera/examples/pointcloud/rviz/pointcloud.rviz
[43.594s] -- Installing: /home/uli/Desktop/tec/personal/intel_sense/ros2wrapper/install/realsense2_camera/share/realsense2_camera/examples/pointcloud/rs_pointcloud_launch.py
[43.594s] -- Installing: /home/uli/Desktop/tec/personal/intel_sense/ros2wrapper/install/realsense2_camera/share/realsense2_camera/examples/align_depth
[43.594s] -- Installing: /home/uli/Desktop/tec/personal/intel_sense/ros2wrapper/install/realsense2_camera/share/realsense2_camera/examples/align_depth/README.md
[43.594s] -- Installing: /home/uli/Desktop/tec/personal/intel_sense/ros2wrapper/install/realsense2_camera/share/realsense2_camera/examples/align_depth/rs_align_depth_launch.py
[43.595s] -- Installing: /home/uli/Desktop/tec/personal/intel_sense/ros2wrapper/install/realsense2_camera/share/realsense2_camera/examples/launch_params_from_file
[43.595s] -- Installing: /home/uli/Desktop/tec/personal/intel_sense/ros2wrapper/install/realsense2_camera/share/realsense2_camera/examples/launch_params_from_file/README.md
[43.595s] -- Installing: /home/uli/Desktop/tec/personal/intel_sense/ros2wrapper/install/realsense2_camera/share/realsense2_camera/examples/launch_params_from_file/rs_launch_get_params_from_yaml.py
[43.596s] -- Installing: /home/uli/Desktop/tec/personal/intel_sense/ros2wrapper/install/realsense2_camera/share/realsense2_camera/examples/launch_params_from_file/config
[43.596s] -- Installing: /home/uli/Desktop/tec/personal/intel_sense/ros2wrapper/install/realsense2_camera/share/realsense2_camera/examples/launch_params_from_file/config/config.yaml
[43.596s] -- Installing: /home/uli/Desktop/tec/personal/intel_sense/ros2wrapper/install/realsense2_camera/share/realsense2_camera/examples/dual_camera
[43.596s] -- Installing: /home/uli/Desktop/tec/personal/intel_sense/ros2wrapper/install/realsense2_camera/share/realsense2_camera/examples/dual_camera/README.md
[43.596s] -- Installing: /home/uli/Desktop/tec/personal/intel_sense/ros2wrapper/install/realsense2_camera/share/realsense2_camera/examples/dual_camera/rs_dual_camera_launch.py
[43.596s] -- Installing: /home/uli/Desktop/tec/personal/intel_sense/ros2wrapper/install/realsense2_camera/share/realsense2_camera/examples/dual_camera/rviz
[43.596s] -- Installing: /home/uli/Desktop/tec/personal/intel_sense/ros2wrapper/install/realsense2_camera/share/realsense2_camera/examples/dual_camera/rviz/dual_camera_pointcloud.rviz
[43.597s] -- Installing: /home/uli/Desktop/tec/personal/intel_sense/ros2wrapper/install/realsense2_camera/share/realsense2_camera/environment/library_path.sh
[43.597s] -- Installing: /home/uli/Desktop/tec/personal/intel_sense/ros2wrapper/install/realsense2_camera/share/realsense2_camera/environment/library_path.dsv
[43.597s] -- Installing: /home/uli/Desktop/tec/personal/intel_sense/ros2wrapper/install/realsense2_camera/share/ament_index/resource_index/package_run_dependencies/realsense2_camera
[43.597s] -- Installing: /home/uli/Desktop/tec/personal/intel_sense/ros2wrapper/install/realsense2_camera/share/ament_index/resource_index/parent_prefix_path/realsense2_camera
[43.597s] -- Installing: /home/uli/Desktop/tec/personal/intel_sense/ros2wrapper/install/realsense2_camera/share/realsense2_camera/environment/ament_prefix_path.sh
[43.597s] -- Installing: /home/uli/Desktop/tec/personal/intel_sense/ros2wrapper/install/realsense2_camera/share/realsense2_camera/environment/ament_prefix_path.dsv
[43.598s] -- Installing: /home/uli/Desktop/tec/personal/intel_sense/ros2wrapper/install/realsense2_camera/share/realsense2_camera/environment/path.sh
[43.598s] -- Installing: /home/uli/Desktop/tec/personal/intel_sense/ros2wrapper/install/realsense2_camera/share/realsense2_camera/environment/path.dsv
[43.598s] -- Installing: /home/uli/Desktop/tec/personal/intel_sense/ros2wrapper/install/realsense2_camera/share/realsense2_camera/local_setup.bash
[43.598s] -- Installing: /home/uli/Desktop/tec/personal/intel_sense/ros2wrapper/install/realsense2_camera/share/realsense2_camera/local_setup.sh
[43.598s] -- Installing: /home/uli/Desktop/tec/personal/intel_sense/ros2wrapper/install/realsense2_camera/share/realsense2_camera/local_setup.zsh
[43.598s] -- Installing: /home/uli/Desktop/tec/personal/intel_sense/ros2wrapper/install/realsense2_camera/share/realsense2_camera/local_setup.dsv
[43.598s] -- Installing: /home/uli/Desktop/tec/personal/intel_sense/ros2wrapper/install/realsense2_camera/share/realsense2_camera/package.dsv
[43.599s] -- Installing: /home/uli/Desktop/tec/personal/intel_sense/ros2wrapper/install/realsense2_camera/share/ament_index/resource_index/packages/realsense2_camera
[43.599s] -- Installing: /home/uli/Desktop/tec/personal/intel_sense/ros2wrapper/install/realsense2_camera/share/ament_index/resource_index/rclcpp_components/realsense2_camera
[43.599s] -- Installing: /home/uli/Desktop/tec/personal/intel_sense/ros2wrapper/install/realsense2_camera/share/realsense2_camera/cmake/ament_cmake_export_include_directories-extras.cmake
[43.599s] -- Installing: /home/uli/Desktop/tec/personal/intel_sense/ros2wrapper/install/realsense2_camera/share/realsense2_camera/cmake/ament_cmake_export_libraries-extras.cmake
[43.599s] -- Installing: /home/uli/Desktop/tec/personal/intel_sense/ros2wrapper/install/realsense2_camera/share/realsense2_camera/cmake/ament_cmake_export_dependencies-extras.cmake
[43.599s] -- Installing: /home/uli/Desktop/tec/personal/intel_sense/ros2wrapper/install/realsense2_camera/share/realsense2_camera/cmake/realsense2_cameraConfig.cmake
[43.599s] -- Installing: /home/uli/Desktop/tec/personal/intel_sense/ros2wrapper/install/realsense2_camera/share/realsense2_camera/cmake/realsense2_cameraConfig-version.cmake
[43.600s] -- Installing: /home/uli/Desktop/tec/personal/intel_sense/ros2wrapper/install/realsense2_camera/share/realsense2_camera/package.xml
[43.613s] Invoked command in '/home/uli/Desktop/tec/personal/intel_sense/ros2wrapper/build/realsense2_camera' returned '0': AMENT_PREFIX_PATH=/home/uli/Desktop/tec/personal/intel_sense/ros2wrapper/install/realsense2_camera_msgs:${AMENT_PREFIX_PATH} CMAKE_PREFIX_PATH=/home/uli/Desktop/tec/personal/intel_sense/ros2wrapper/install/realsense2_camera_msgs:/opt/ros/humble LD_LIBRARY_PATH=/home/uli/Desktop/tec/personal/intel_sense/ros2wrapper/install/realsense2_camera_msgs/lib:/usr/lib/x86_64-linux-gnu/gazebo-11/plugins:/opt/ros/humble/opt/rviz_ogre_vendor/lib:/opt/ros/humble/lib/x86_64-linux-gnu:/opt/ros/humble/lib:/usr/local/cuda/lib:/usr/local/lib PYTHONPATH=/home/uli/Desktop/tec/personal/intel_sense/ros2wrapper/install/realsense2_camera_msgs/local/lib/python3.10/dist-packages:${PYTHONPATH} /home/uli/.local/bin/cmake --install /home/uli/Desktop/tec/personal/intel_sense/ros2wrapper/build/realsense2_camera
